#
# A fatal error has been detected by the Java Runtime Environment:
#
#  EXCEPTION_ACCESS_VIOLATION (0xc0000005) at pc=0x00007fff08adf87a, pid=11912, tid=19032
#
# JRE version: OpenJDK Runtime Environment (18.0+36) (build 18+36-2087)
# Java VM: OpenJDK 64-Bit Server VM (18+36-2087, mixed mode, emulated-client, sharing, tiered, compressed oops, compressed class ptrs, g1 gc, windows-amd64)
# Problematic frame:
# V  [jvm.dll+0x75f87a]
#
# No core dump will be written. Minidumps are not enabled by default on client versions of Windows
#
# If you would like to submit a bug report, please visit:
#   https://bugreport.java.com/bugreport/crash.jsp
#

---------------  S U M M A R Y ------------

Command Line: -XX:+ShowCodeDetailsInExceptionMessages -agentlib:jdwp=transport=dt_socket,suspend=y,address=localhost:55593 -Dcom.sun.management.jmxremote -Dcom.sun.management.jmxremote.port=55590 -Dcom.sun.management.jmxremote.authenticate=false -Dcom.sun.management.jmxremote.ssl=false -Djava.rmi.server.hostname=localhost -Dspring.jmx.enabled=true -Dspring.application.admin.enabled=true -XX:TieredStopAtLevel=1 -Dspring.boot.project.name=core -javaagent:C:\Users\kiran\.eclipse\org.eclipse.platform_4.25.0_1709980481_win32_win32_x86_64\configuration\org.eclipse.osgi\421\0\.cp\lib\javaagent-shaded.jar -Dfile.encoding=UTF-8 com.fincity.saas.core.CoreApplication --debug --spring.output.ansi.enabled=always

Host: Intel(R) Core(TM) i7-3930K CPU @ 3.20GHz, 12 cores, 63G,  Windows 10 , 64 bit Build 19041 (10.0.19041.2251)
Time: Thu Dec 15 11:41:33 2022 India Standard Time elapsed time: 1280.532355 seconds (0d 0h 21m 20s)

---------------  T H R E A D  ---------------

Current thread (0x0000022a3d264600):  JavaThread "JDWP Transport Listener: dt_socket" daemon [_thread_in_vm, id=19032, stack(0x0000005662600000,0x0000005662700000)]

Stack: [0x0000005662600000,0x0000005662700000],  sp=0x00000056626ff150,  free space=1020k
Native frames: (J=compiled Java code, j=interpreted, Vv=VM code, C=native code)
V  [jvm.dll+0x75f87a]
V  [jvm.dll+0x52b7ec]
V  [jvm.dll+0x4f2ffb]
C  [jdwp.dll+0x22f97]


siginfo: EXCEPTION_ACCESS_VIOLATION (0xc0000005), reading address 0x00000000000000fe


Register to memory mapping:

RIP=0x00007fff08adf87a jvm.dll
RAX=0x00000000000000fb is an unknown value
RBX=0x0000022a3d05b7df points into unknown readable memory: 63
RCX=0x00000000000000fa is an unknown value
RDX=0x0000022a3ff26690 points into unknown readable memory: 0x6e69662f6d6f634c | 4c 63 6f 6d 2f 66 69 6e
RSP=0x00000056626ff150 is pointing into the stack for thread: 0x0000022a3d264600
RBP=0x0000022a3d252be0 points into unknown readable memory: 0x0000000000000002 | 02 00 00 00 00 00 00 00
RSI=0x0 is NULL
RDI=0xffffffffffffffff is an unknown value
R8 =0x00000000000003bf is an unknown value
R9 =0x0000000000000040 is an unknown value
R10=0x0000000000000380 is an unknown value
R11=0x00000056626ff170 is pointing into the stack for thread: 0x0000022a3d264600
R12=0x00000056626ff2a8 is pointing into the stack for thread: 0x0000022a3d264600
R13=0x0 is NULL
R14=0x0000000800fa8480 is a pointer to class: 
com.fincity.saas.core.service.StorageService {0x0000000800fa8488}
 - instance size:     6
 - klass size:        91
 - access:            public synchronized 
 - state:             fully_initialized
 - name:              'com/fincity/saas/core/service/StorageService'
 - super:             'com/fincity/saas/commons/mongo/service/AbstractOverridableDataServcie'
 - sub:               
 - arrays:            NULL
 - methods:           Array<T>(0x0000022a3c383720)
 - method ordering:   Array<T>(0x0000022a3c384420)
 - default_methods:   Array<T>(0x0000000000000000)
 - local interfaces:  Array<T>(0x00000008005bc6d8)
 - trans. interfaces: Array<T>(0x00000008005bc6d8)
 - constants:         constant pool [309]/operands[49] {0x0000022a3c385c88} for 'com/fincity/saas/core/service/StorageService' cache=0x0000022a3c386708
 - class loader data:  loader data: 0x0000022a3d008b50 for instance a 'jdk/internal/loader/ClassLoaders$AppClassLoader'{0x00000004009e3800}
 - source file:       'StorageService.java'
 - source debug extension:       SMAP
StorageService.java
Java
*S jdt
*F
1 StorageService.java
2 file:/C:/fincity/nocode-saas/core/target/classes/
*L
*E

 - class annotations:       Array<T>(0x0000022a3c3843d8)
 - class type annotations:  Array<T>(0x0000000000000000)
 - field annotations:       Array<T>(0x0000000000000000)
 - field type annotations:  Array<T>(0x0000000000000000)
 - generic signature: '
[error occurred during error reporting (printing register info), id 0xc0000005, EXCEPTION_ACCESS_VIOLATION (0xc0000005) at pc=0x00007fff08ae0486]

Registers:
RAX=0x00000000000000fb, RBX=0x0000022a3d05b7df, RCX=0x00000000000000fa, RDX=0x0000022a3ff26690
RSP=0x00000056626ff150, RBP=0x0000022a3d252be0, RSI=0x0000000000000000, RDI=0xffffffffffffffff
R8 =0x00000000000003bf, R9 =0x0000000000000040, R10=0x0000000000000380, R11=0x00000056626ff170
R12=0x00000056626ff2a8, R13=0x0000000000000000, R14=0x0000000800fa8480, R15=0x00000056626ff2d0
RIP=0x00007fff08adf87a, EFLAGS=0x0000000000010206

Top of Stack: (sp=0x00000056626ff150)
0x00000056626ff150:   000000000000002c 0000000800fa8480
0x00000056626ff160:   0000000000000000 00007fff088d555d
0x00000056626ff170:   ffffffffffffffff 00007fff088ab7ec
0x00000056626ff180:   0000022a3d05b7df 0000022a3d252be0
0x00000056626ff190:   0000000000000000 00007fff088ae38d
0x00000056626ff1a0:   0000022a3d05b770 00000000000003d8
0x00000056626ff1b0:   0000022a3d05b780 0000022a3d05bb58
0x00000056626ff1c0:   000000000001bf01 00000056626ff2a8
0x00000056626ff1d0:   0000000000000007 0000022a3d264890
0x00000056626ff1e0:   0000000401fd55e0 00007fff08872ffb
0x00000056626ff1f0:   0000022a3d264600 00000056626ff2d0
0x00000056626ff200:   0000022a034db3c0 00000056626ff2d0
0x00000056626ff210:   0000022a3d264600 0000000000000000
0x00000056626ff220:   0000000000000000 0000000000000000
0x00000056626ff230:   0000022a3ff0bcf0 00007fff96992f97
0x00000056626ff240:   00000056626ff2c8 00007fff969a1870 

Instructions: (pc=0x00007fff08adf87a)
0x00007fff08adf77a:   48 8b f8 48 85 db 74 08 48 8b cb e8 86 b0 f0 ff
0x00007fff08adf78a:   48 8b 5c 24 30 48 8b c7 48 83 c4 20 5f c3 8d 42
0x00007fff08adf79a:   06 83 ff 02 b9 08 00 00 00 0f 4e c1 45 33 c0 48
0x00007fff08adf7aa:   63 c8 48 83 c1 07 83 e1 f8 48 63 c9 41 8d 50 0b
0x00007fff08adf7ba:   48 83 c4 20 5f e9 6c 39 95 ff cc cc cc cc cc cc
0x00007fff08adf7ca:   cc cc cc cc cc cc 83 fa 02 8d 42 06 b9 08 00 00
0x00007fff08adf7da:   00 4d 8b c8 0f 4e c1 48 63 c8 49 8b 40 18 48 83
0x00007fff08adf7ea:   c1 07 83 e1 f8 48 63 d1 49 8b 48 20 48 2b c8 48
0x00007fff08adf7fa:   3b ca 72 09 48 8d 0c 10 49 89 48 18 c3 45 33 c0
0x00007fff08adf80a:   49 8b c9 e9 4e 97 95 ff cc cc cc cc cc cc cc cc
0x00007fff08adf81a:   cc cc cc cc cc cc 4c 8b d2 4c 8b d9 45 85 c0 7e
0x00007fff08adf82a:   3c 44 0f b7 49 04 41 8d 40 ff 41 3b c1 44 0f 4c
0x00007fff08adf83a:   c8 4d 63 c1 45 85 c9 7e 1f 48 8b c2 4c 2b da 49
0x00007fff08adf84a:   8b d0 0f 1f 40 00 41 0f b6 4c 03 06 88 08 48 8d
0x00007fff08adf85a:   40 01 48 83 ea 01 75 ee 43 c6 04 10 00 49 8b c2
0x00007fff08adf86a:   c3 cc cc cc cc cc 48 89 5c 24 08 57 48 83 ec 20
0x00007fff08adf87a:   0f b7 59 04 48 8b f9 33 d2 48 8d 4b 01 e8 b4 d6
0x00007fff08adf88a:   f8 ff 0f b7 57 04 4c 8b c0 3b da 0f 42 d3 44 8b
0x00007fff08adf89a:   ca 85 d2 74 39 48 2b f8 0f 1f 40 00 66 66 0f 1f
0x00007fff08adf8aa:   84 00 00 00 00 00 0f b6 4c 07 06 88 08 48 ff c0
0x00007fff08adf8ba:   48 8b c8 49 2b c8 49 3b c9 7c eb 42 c6 04 02 00
0x00007fff08adf8ca:   49 8b c0 48 8b 5c 24 30 48 83 c4 20 5f c3 48 8b
0x00007fff08adf8da:   5c 24 30 c6 04 02 00 48 83 c4 20 5f c3 cc cc cc
0x00007fff08adf8ea:   cc cc cc cc cc cc 4c 8b d1 45 85 c0 7e 6c 44 0f
0x00007fff08adf8fa:   b7 49 04 41 8d 40 ff 41 3b c1 44 0f 4c c8 4d 63
0x00007fff08adf90a:   d9 45 85 c9 7e 22 48 8b ca 4c 2b d2 4d 8b c3 0f
0x00007fff08adf91a:   1f 80 00 00 00 00 41 0f b6 44 0a 06 88 01 48 8d
0x00007fff08adf92a:   49 01 49 83 e8 01 75 ee 41 c6 04 13 00 48 c7 c0
0x00007fff08adf93a:   ff ff ff ff 66 90 48 ff c0 80 3c 02 00 75 f7 48
0x00007fff08adf94a:   63 c8 85 c0 48 8b c2 7e 14 80 38 2f 75 03 c6 00
0x00007fff08adf95a:   2e 48 ff c0 48 83 e9 01 75 ef 48 8b c2 c3 cc cc
0x00007fff08adf96a:   cc cc cc cc cc cc 48 83 ec 28 e8 f7 fe ff ff 4c 


Stack slot to memory mapping:
stack at sp + 0 slots: 0x000000000000002c is an unknown value
stack at sp + 1 slots: 0x0000000800fa8480 is a pointer to class: 
com.fincity.saas.core.service.StorageService {0x0000000800fa8488}
 - instance size:     6
 - klass size:        91
 - access:            public synchronized 
 - state:             fully_initialized
 - name:              'com/fincity/saas/core/service/StorageService'
 - super:             'com/fincity/saas/commons/mongo/service/AbstractOverridableDataServcie'
 - sub:               
 - arrays:            NULL
 - methods:           Array<T>(0x0000022a3c383720)
 - method ordering:   Array<T>(0x0000022a3c384420)
 - default_methods:   Array<T>(0x0000000000000000)
 - local interfaces:  Array<T>(0x00000008005bc6d8)
 - trans. interfaces: Array<T>(0x00000008005bc6d8)
 - constants:         constant pool [309]/operands[49] {0x0000022a3c385c88} for 'com/fincity/saas/core/service/StorageService' cache=0x0000022a3c386708
 - class loader data:  loader data: 0x0000022a3d008b50 for instance a 'jdk/internal/loader/ClassLoaders$AppClassLoader'{0x00000004009e3800}
 - source file:       'StorageService.java'
 - source debug extension:       SMAP
StorageService.java
Java
*S jdt
*F
1 StorageService.java
2 file:/C:/fincity/nocode-saas/core/target/classes/
*L
*E

 - class annotations:       Array<T>(0x0000022a3c3843d8)
 - class type annotations:  Array<T>(0x0000000000000000)
 - field annotations:       Array<T>(0x0000000000000000)
 - field type annotations:  Array<T>(0x0000000000000000)
 - generic signature: '
[error occurred during error reporting (inspecting top of stack), id 0xc0000005, EXCEPTION_ACCESS_VIOLATION (0xc0000005) at pc=0x00007fff08ae0486]


---------------  P R O C E S S  ---------------

Threads class SMR info:
_java_thread_list=0x0000022a3e6b2680, length=73, elements={
0x0000022a36348600, 0x0000022a3d0064b0, 0x0000022a3d015c10, 0x0000022a3d0190f0,
0x0000022a3d0215c0, 0x0000022a3d025ab0, 0x0000022a3d02b220, 0x0000022a3d02c730,
0x0000022a3d028130, 0x0000022a3d264600, 0x0000022a3d267450, 0x0000022a3d267b20,
0x0000022a3d0272c0, 0x0000022a3d027c60, 0x0000022a3d025110, 0x0000022a3d025f80,
0x0000022a3d028600, 0x0000022a3d027790, 0x0000022a3d026450, 0x0000022a3f6780a0,
0x0000022a3f673d40, 0x0000022a3f676d60, 0x0000022a3f675550, 0x0000022a3f677bd0,
0x0000022a3f672a00, 0x0000022a3f678f10, 0x0000022a3f672ed0, 0x0000022a3f673870,
0x0000022a3f676890, 0x0000022a3f672530, 0x0000022a3f6733a0, 0x0000022a3f677230,
0x0000022a3f677700, 0x0000022a3f674210, 0x0000022a3f678570, 0x0000022a3f6746e0,
0x0000022a3f675080, 0x0000022a3f678a40, 0x0000022a3f674bb0, 0x0000022a3f6793e0,
0x0000022a3f675a20, 0x0000022a3f675ef0, 0x0000022a3f6798b0, 0x0000022a3f6763c0,
0x0000022a3f672060, 0x0000022a3fcf02e0, 0x0000022a3fcedc60, 0x0000022a3fceefa0,
0x0000022a3fcee600, 0x0000022a3fced790, 0x0000022a3fcecdf0, 0x0000022a3fcef940,
0x0000022a3ea83b00, 0x0000022a3ea85cb0, 0x0000022a3ea88cd0, 0x0000022a3ea81e20,
0x0000022a3ea857e0, 0x0000022a3ea844a0, 0x0000022a3ea87990, 0x0000022a3ea86180,
0x0000022a3ea84970, 0x0000022a3ea88330, 0x0000022a3ea86ff0, 0x0000022a3ea83fd0,
0x0000022a3ea87e60, 0x0000022a3ea822f0, 0x0000022a3ea827c0, 0x0000022a3ea83160,
0x0000022a3ea891a0, 0x0000022a3ea82c90, 0x0000022a3ea86650, 0x0000022a3ea88800,
0x0000022a3f5621e0
}

Java Threads: ( => current thread )
  0x0000022a36348600 JavaThread "Reference Handler" daemon [_thread_blocked, id=17484, stack(0x0000005661b00000,0x0000005661c00000)]
  0x0000022a3d0064b0 JavaThread "Finalizer" daemon [_thread_blocked, id=19512, stack(0x0000005661c00000,0x0000005661d00000)]
  0x0000022a3d015c10 JavaThread "Signal Dispatcher" daemon [_thread_blocked, id=16648, stack(0x0000005661d00000,0x0000005661e00000)]
  0x0000022a3d0190f0 JavaThread "Attach Listener" daemon [_thread_blocked, id=18680, stack(0x0000005661e00000,0x0000005661f00000)]
  0x0000022a3d0215c0 JavaThread "Service Thread" daemon [_thread_blocked, id=19920, stack(0x0000005661f00000,0x0000005662000000)]
  0x0000022a3d025ab0 JavaThread "Monitor Deflation Thread" daemon [_thread_blocked, id=15312, stack(0x0000005662000000,0x0000005662100000)]
  0x0000022a3d02b220 JavaThread "C1 CompilerThread0" daemon [_thread_blocked, id=18236, stack(0x0000005662100000,0x0000005662200000)]
  0x0000022a3d02c730 JavaThread "Sweeper thread" daemon [_thread_blocked, id=10704, stack(0x0000005662200000,0x0000005662300000)]
  0x0000022a3d028130 JavaThread "Common-Cleaner" daemon [_thread_blocked, id=20152, stack(0x0000005662300000,0x0000005662400000)]
=>0x0000022a3d264600 JavaThread "JDWP Transport Listener: dt_socket" daemon [_thread_in_vm, id=19032, stack(0x0000005662600000,0x0000005662700000)]
  0x0000022a3d267450 JavaThread "JDWP Event Helper Thread" daemon [_thread_blocked, id=13404, stack(0x0000005662700000,0x0000005662800000)]
  0x0000022a3d267b20 JavaThread "JDWP Command Reader" daemon [_thread_in_native, id=17492, stack(0x0000005662800000,0x0000005662900000)]
  0x0000022a3d0272c0 JavaThread "Notification Thread" daemon [_thread_blocked, id=6400, stack(0x0000005662a00000,0x0000005662b00000)]
  0x0000022a3d027c60 JavaThread "RMI TCP Accept-0" daemon [_thread_in_native, id=19768, stack(0x0000005662b00000,0x0000005662c00000)]
  0x0000022a3d025110 JavaThread "RMI TCP Accept-55590" daemon [_thread_in_native, id=11384, stack(0x0000005662c00000,0x0000005662d00000)]
  0x0000022a3d025f80 JavaThread "RMI TCP Accept-0" daemon [_thread_in_native, id=18168, stack(0x0000005662d00000,0x0000005662e00000)]
  0x0000022a3d028600 JavaThread "RMI Scheduler(0)" daemon [_thread_blocked, id=16848, stack(0x0000005663b00000,0x0000005663c00000)]
  0x0000022a3d027790 JavaThread "JMX server connection timeout 25" daemon [_thread_blocked, id=16640, stack(0x0000005663d00000,0x0000005663e00000)]
  0x0000022a3d026450 JavaThread "boundedElastic-evictor-1" daemon [_thread_blocked, id=5340, stack(0x0000005664200000,0x0000005664300000)]
  0x0000022a3f6780a0 JavaThread "AsyncGetter-2-thread-1" daemon [_thread_blocked, id=18272, stack(0x0000005664300000,0x0000005664400000)]
  0x0000022a3f673d40 JavaThread "cluster-ClusterId{value='639ab599f2cb031d48b074cf', description='null'}-localhost:27017" daemon [_thread_blocked, id=10400, stack(0x0000005664400000,0x0000005664500000)]
  0x0000022a3f676d60 JavaThread "cluster-rtt-ClusterId{value='639ab599f2cb031d48b074cf', description='null'}-localhost:27017" daemon [_thread_blocked, id=5376, stack(0x0000005664500000,0x0000005664600000)]
  0x0000022a3f675550 JavaThread "nioEventLoopGroup-3-2" [_thread_in_native, id=18288, stack(0x0000005664600000,0x0000005664700000)]
  0x0000022a3f677bd0 JavaThread "nioEventLoopGroup-3-1" [_thread_in_native, id=17420, stack(0x0000005664700000,0x0000005664800000)]
  0x0000022a3f672a00 JavaThread "MaintenanceTimer-1-thread-1" daemon [_thread_blocked, id=20312, stack(0x0000005664800000,0x0000005664900000)]
  0x0000022a3f678f10 JavaThread "Thread-2" daemon [_thread_in_native, id=6880, stack(0x0000005664900000,0x0000005664a00000)]
  0x0000022a3f672ed0 JavaThread "lettuce-eventExecutorLoop-4-1" daemon [_thread_blocked, id=2976, stack(0x0000005664a00000,0x0000005664b00000)]
  0x0000022a3f673870 JavaThread "lettuce-timer-5-1" daemon [_thread_blocked, id=19272, stack(0x0000005664b00000,0x0000005664c00000)]
  0x0000022a3f676890 JavaThread "lettuce-nioEventLoop-6-1" daemon [_thread_in_native, id=16984, stack(0x0000005664c00000,0x0000005664d00000)]
  0x0000022a3f672530 JavaThread "lettuce-nioEventLoop-6-2" daemon [_thread_in_native, id=7092, stack(0x0000005664d00000,0x0000005664e00000)]
  0x0000022a3f6733a0 JavaThread "lettuce-nioEventLoop-6-3" daemon [_thread_in_native, id=19892, stack(0x0000005664e00000,0x0000005664f00000)]
  0x0000022a3f677230 JavaThread "reactor-http-nio-1" daemon [_thread_in_native, id=19616, stack(0x0000005664f00000,0x0000005665000000)]
  0x0000022a3f677700 JavaThread "reactor-http-nio-2" daemon [_thread_in_native, id=16768, stack(0x0000005665000000,0x0000005665100000)]
  0x0000022a3f674210 JavaThread "reactor-http-nio-3" daemon [_thread_in_native, id=19860, stack(0x0000005665100000,0x0000005665200000)]
  0x0000022a3f678570 JavaThread "reactor-http-nio-4" daemon [_thread_in_native, id=17268, stack(0x0000005665200000,0x0000005665300000)]
  0x0000022a3f6746e0 JavaThread "reactor-http-nio-5" daemon [_thread_in_native, id=19740, stack(0x0000005665300000,0x0000005665400000)]
  0x0000022a3f675080 JavaThread "reactor-http-nio-6" daemon [_thread_in_native, id=6452, stack(0x0000005665400000,0x0000005665500000)]
  0x0000022a3f678a40 JavaThread "reactor-http-nio-7" daemon [_thread_in_native, id=15056, stack(0x0000005665500000,0x0000005665600000)]
  0x0000022a3f674bb0 JavaThread "reactor-http-nio-8" daemon [_thread_in_native, id=13376, stack(0x0000005665600000,0x0000005665700000)]
  0x0000022a3f6793e0 JavaThread "reactor-http-nio-9" daemon [_thread_in_native, id=13256, stack(0x0000005665700000,0x0000005665800000)]
  0x0000022a3f675a20 JavaThread "reactor-http-nio-10" daemon [_thread_in_native, id=8800, stack(0x0000005665800000,0x0000005665900000)]
  0x0000022a3f675ef0 JavaThread "reactor-http-nio-11" daemon [_thread_in_native, id=14188, stack(0x0000005665900000,0x0000005665a00000)]
  0x0000022a3f6798b0 JavaThread "reactor-http-nio-12" daemon [_thread_in_native, id=20280, stack(0x0000005665a00000,0x0000005665b00000)]
  0x0000022a3f6763c0 JavaThread "spring.cloud.inetutils" daemon [_thread_blocked, id=19468, stack(0x0000005665b00000,0x0000005665c00000)]
  0x0000022a3f672060 JavaThread "Cleaner-0" daemon [_thread_blocked, id=2816, stack(0x0000005665c00000,0x0000005665d00000)]
  0x0000022a3fcf02e0 JavaThread "AsyncResolver-bootstrap-0" daemon [_thread_blocked, id=16800, stack(0x0000005665d00000,0x0000005665e00000)]
  0x0000022a3fcedc60 JavaThread "DiscoveryClient-0" daemon [_thread_blocked, id=17080, stack(0x0000005665e00000,0x0000005665f00000)]
  0x0000022a3fceefa0 JavaThread "DiscoveryClient-1" daemon [_thread_blocked, id=15396, stack(0x0000005665f00000,0x0000005666000000)]
  0x0000022a3fcee600 JavaThread "DiscoveryClient-InstanceInfoReplicator-0" daemon [_thread_blocked, id=5468, stack(0x0000005666000000,0x0000005666100000)]
  0x0000022a3fced790 JavaThread "server" [_thread_blocked, id=6008, stack(0x0000005666100000,0x0000005666200000)]
  0x0000022a3fcecdf0 JavaThread "DestroyJavaVM" [_thread_blocked, id=20028, stack(0x0000005661400000,0x0000005661500000)]
  0x0000022a3fcef940 JavaThread "RMI TCP Connection(idle)" daemon [_thread_blocked, id=9692, stack(0x0000005666700000,0x0000005666800000)]
  0x0000022a3ea83b00 JavaThread "RMI TCP Connection(9)-127.0.0.1" daemon [_thread_in_native, id=8932, stack(0x0000005666200000,0x0000005666300000)]
  0x0000022a3ea85cb0 JavaThread "JMX server connection timeout 76" daemon [_thread_blocked, id=4144, stack(0x0000005666400000,0x0000005666500000)]
  0x0000022a3ea88cd0 JavaThread "DiscoveryClient-CacheRefreshExecutor-0" daemon [_thread_blocked, id=6384, stack(0x0000005662400000,0x0000005662500000)]
  0x0000022a3ea81e20 JavaThread "DiscoveryClient-HeartbeatExecutor-0" daemon [_thread_blocked, id=20180, stack(0x0000005666800000,0x0000005666900000)]
  0x0000022a3ea857e0 JavaThread "parallel-1" daemon [_thread_blocked, id=19264, stack(0x0000005661100000,0x0000005661200000)]
  0x0000022a3ea844a0 JavaThread "pool-11-thread-1" daemon [_thread_blocked, id=19140, stack(0x0000005661200000,0x0000005661300000)]
  0x0000022a3ea87990 JavaThread "parallel-2" daemon [_thread_blocked, id=19936, stack(0x0000005662900000,0x0000005662a00000)]
  0x0000022a3ea86180 JavaThread "nioEventLoopGroup-3-3" [_thread_in_native, id=3440, stack(0x0000005663c00000,0x0000005663d00000)]
  0x0000022a3ea84970 JavaThread "AsyncResolver-bootstrap-executor-0" daemon [_thread_blocked, id=17752, stack(0x0000005663f00000,0x0000005664000000)]
  0x0000022a3ea88330 JavaThread "parallel-3" daemon [_thread_blocked, id=14760, stack(0x0000005661300000,0x0000005661400000)]
  0x0000022a3ea86ff0 JavaThread "parallel-4" daemon [_thread_blocked, id=17544, stack(0x0000005663e00000,0x0000005663f00000)]
  0x0000022a3ea83fd0 JavaThread "parallel-5" daemon [_thread_blocked, id=19736, stack(0x0000005666300000,0x0000005666400000)]
  0x0000022a3ea87e60 JavaThread "parallel-6" daemon [_thread_blocked, id=12520, stack(0x0000005666500000,0x0000005666600000)]
  0x0000022a3ea822f0 JavaThread "parallel-7" daemon [_thread_blocked, id=7980, stack(0x0000005666600000,0x0000005666700000)]
  0x0000022a3ea827c0 JavaThread "parallel-8" daemon [_thread_blocked, id=11604, stack(0x0000005666900000,0x0000005666a00000)]
  0x0000022a3ea83160 JavaThread "parallel-9" daemon [_thread_blocked, id=18880, stack(0x0000005666a00000,0x0000005666b00000)]
  0x0000022a3ea891a0 JavaThread "parallel-10" daemon [_thread_blocked, id=9808, stack(0x0000005666b00000,0x0000005666c00000)]
  0x0000022a3ea82c90 JavaThread "parallel-11" daemon [_thread_blocked, id=16688, stack(0x0000005666c00000,0x0000005666d00000)]
  0x0000022a3ea86650 JavaThread "parallel-12" daemon [_thread_blocked, id=10764, stack(0x0000005666d00000,0x0000005666e00000)]
  0x0000022a3ea88800 JavaThread "boundedElastic-3" daemon [_thread_blocked, id=7560, stack(0x0000005662500000,0x0000005662600000)]
  0x0000022a3f5621e0 JavaThread "C1 CompilerThread1" daemon [_thread_blocked, id=20888, stack(0x0000005666e00000,0x0000005666f00000)]

Other Threads:
  0x0000022a36347710 VMThread "VM Thread" [stack: 0x0000005661a00000,0x0000005661b00000] [id=1976]
  0x0000022a034eeed0 WatcherThread "VM Periodic Task Thread" [stack: 0x0000005662e00000,0x0000005662f00000] [id=19956]
  0x0000022a361948a0 WorkerThread "GC Thread#0" [stack: 0x0000005661500000,0x0000005661600000] [id=19788]
  0x0000022a3e1984c0 WorkerThread "GC Thread#1" [stack: 0x0000005662f00000,0x0000005663000000] [id=3468]
  0x0000022a3e200990 WorkerThread "GC Thread#2" [stack: 0x0000005663000000,0x0000005663100000] [id=14136]
  0x0000022a3e215ea0 WorkerThread "GC Thread#3" [stack: 0x0000005663100000,0x0000005663200000] [id=15124]
  0x0000022a3e216140 WorkerThread "GC Thread#4" [stack: 0x0000005663200000,0x0000005663300000] [id=18240]
  0x0000022a3e2163e0 WorkerThread "GC Thread#5" [stack: 0x0000005663300000,0x0000005663400000] [id=20108]
  0x0000022a3e216a90 WorkerThread "GC Thread#6" [stack: 0x0000005663400000,0x0000005663500000] [id=15864]
  0x0000022a3e1f0050 WorkerThread "GC Thread#7" [stack: 0x0000005663500000,0x0000005663600000] [id=3408]
  0x0000022a3e1f02f0 WorkerThread "GC Thread#8" [stack: 0x0000005663600000,0x0000005663700000] [id=10928]
  0x0000022a3e22c030 WorkerThread "GC Thread#9" [stack: 0x0000005663700000,0x0000005663800000] [id=19824]
  0x0000022a0359ec00 ConcurrentGCThread "G1 Main Marker" [stack: 0x0000005661600000,0x0000005661700000] [id=18268]
  0x0000022a361a9330 WorkerThread "G1 Conc#0" [stack: 0x0000005661700000,0x0000005661800000] [id=20112]
  0x0000022a3e9350f0 WorkerThread "G1 Conc#1" [stack: 0x0000005664000000,0x0000005664100000] [id=16608]
  0x0000022a3e935390 WorkerThread "G1 Conc#2" [stack: 0x0000005664100000,0x0000005664200000] [id=3512]
  0x0000022a36203320 ConcurrentGCThread "G1 Refine#0" [stack: 0x0000005661800000,0x0000005661900000] [id=17600]
  0x0000022a3e23b490 ConcurrentGCThread "G1 Refine#1" [stack: 0x0000005663800000,0x0000005663900000] [id=6728]
  0x0000022a3e23cb10 ConcurrentGCThread "G1 Refine#2" [stack: 0x0000005663900000,0x0000005663a00000] [id=19588]
  0x0000022a3fae9920 ConcurrentGCThread "G1 Refine#3" [stack: 0x0000005663a00000,0x0000005663b00000] [id=16680]
  0x0000022a36203b40 ConcurrentGCThread "G1 Service" [stack: 0x0000005661900000,0x0000005661a00000] [id=1876]

Threads with active compile tasks:

VM state: not at safepoint (normal execution)

VM Mutex/Monitor currently owned by a thread: None

Heap address: 0x0000000400800000, size: 16376 MB, Compressed Oops mode: Zero based, Oop shift amount: 3

CDS archive(s) mapped at: [0x0000000800000000-0x0000000800b90000-0x0000000800b90000), size 12124160, SharedBaseAddress: 0x0000000800000000, ArchiveRelocationMode: 0.
Compressed class space mapped at: 0x0000000800c00000-0x0000000840c00000, reserved size: 1073741824
Narrow klass base: 0x0000000800000000, Narrow klass shift: 0, Narrow klass range: 0x100000000

GC Precious Log:
 CardTable entry size: 512
 Card Set container configuration: InlinePtr #cards 4 size 8 Array Of Cards #cards 64 size 144 Howl #buckets 8 coarsen threshold 14745 Howl Bitmap #cards 2048 size 272 coarsen threshold 1843 Card regions per heap region 1 cards per card region 16384
 CPUs: 12 total, 12 available
 Memory: 65476M
 Large Page Support: Disabled
 NUMA Support: Disabled
 Compressed Oops: Enabled (Zero based)
 Heap Region Size: 8M
 Heap Min Capacity: 8M
 Heap Initial Capacity: 1G
 Heap Max Capacity: 16376M
 Pre-touch: Disabled
 Parallel Workers: 10
 Concurrent Workers: 3
 Concurrent Refinement Workers: 10
 Periodic GC: Disabled

Heap:
 garbage-first heap   total 139264K, used 76073K [0x0000000400800000, 0x0000000800000000)
  region size 8192K, 7 young (57344K), 1 survivors (8192K)
 Metaspace       used 65648K, committed 66496K, reserved 1114112K
  class space    used 9144K, committed 9536K, reserved 1048576K

Heap Regions: E=young(eden), S=young(survivor), O=old, HS=humongous(starts), HC=humongous(continues), CS=collection set, F=free, OA=open archive, CA=closed archive, TAMS=top-at-mark-start (previous, next)
|   0|0x0000000400800000, 0x0000000401000000, 0x0000000401000000|100%| O|  |TAMS 0x0000000401000000, 0x0000000400800000| Untracked 
|   1|0x0000000401000000, 0x0000000401800000, 0x0000000401800000|100%| O|  |TAMS 0x00000004015a4600, 0x0000000401000000| Untracked 
|   2|0x0000000401800000, 0x0000000402000000, 0x0000000402000000|100%| O|  |TAMS 0x0000000402000000, 0x0000000401800000| Untracked 
|   3|0x0000000402000000, 0x0000000402000000, 0x0000000402800000|  0%| F|  |TAMS 0x0000000402000000, 0x0000000402000000| Untracked 
|   4|0x0000000402800000, 0x0000000403000000, 0x0000000403000000|100%| O|  |TAMS 0x0000000402800000, 0x0000000402800000| Untracked 
|   5|0x0000000403000000, 0x000000040370ce00, 0x0000000403800000| 88%| O|  |TAMS 0x0000000403000000, 0x0000000403000000| Untracked 
|   6|0x0000000403800000, 0x0000000403800000, 0x0000000404000000|  0%| F|  |TAMS 0x0000000403800000, 0x0000000403800000| Untracked 
|   7|0x0000000404000000, 0x0000000404000000, 0x0000000404800000|  0%| F|  |TAMS 0x0000000404000000, 0x0000000404000000| Untracked 
|   8|0x0000000404800000, 0x0000000404800000, 0x0000000405000000|  0%| F|  |TAMS 0x0000000404800000, 0x0000000404800000| Untracked 
|   9|0x0000000405000000, 0x0000000405000000, 0x0000000405800000|  0%| F|  |TAMS 0x0000000405000000, 0x0000000405000000| Untracked 
|  10|0x0000000405800000, 0x0000000405889770, 0x0000000406000000|  6%| E|  |TAMS 0x0000000405800000, 0x0000000405800000| Complete 
|  11|0x0000000406000000, 0x0000000406800000, 0x0000000406800000|100%| E|  |TAMS 0x0000000406000000, 0x0000000406000000| Complete 
|  12|0x0000000406800000, 0x0000000407000000, 0x0000000407000000|100%| E|CS|TAMS 0x0000000406800000, 0x0000000406800000| Complete 
|  13|0x0000000407000000, 0x0000000407800000, 0x0000000407800000|100%| E|CS|TAMS 0x0000000407000000, 0x0000000407000000| Complete 
|  14|0x0000000407800000, 0x0000000408000000, 0x0000000408000000|100%| E|CS|TAMS 0x0000000407800000, 0x0000000407800000| Complete 
|  15|0x0000000408000000, 0x000000040833d948, 0x0000000408800000| 40%| S|CS|TAMS 0x0000000408000000, 0x0000000408000000| Complete 
| 127|0x0000000440000000, 0x0000000440800000, 0x0000000440800000|100%| E|CS|TAMS 0x0000000440000000, 0x0000000440000000| Complete 

Card table byte_map: [0x0000022a12100000,0x0000022a14100000] _byte_map_base: 0x0000022a100fc000

Marking Bits (Prev, Next): (CMBitMap*) 0x0000022a0359dba0, (CMBitMap*) 0x0000022a0359db60
 Prev Bits: [0x0000022a260e0000, 0x0000022a360c0000)
 Next Bits: [0x0000022a16100000, 0x0000022a260e0000)

Polling page: 0x0000022a035a0000

Metaspace:

Usage:
  Non-class:     55.18 MB used.
      Class:      8.93 MB used.
       Both:     64.11 MB used.

Virtual space:
  Non-class space:       64.00 MB reserved,      55.62 MB ( 87%) committed,  1 nodes.
      Class space:        1.00 GB reserved,       9.31 MB ( <1%) committed,  1 nodes.
             Both:        1.06 GB reserved,      64.94 MB (  6%) committed. 

Chunk freelists:
   Non-Class:  436.00 KB
       Class:  2.71 MB
        Both:  3.14 MB

MaxMetaspaceSize: unlimited
CompressedClassSpaceSize: 1.00 GB
Initial GC threshold: 21.00 MB
Current GC threshold: 98.88 MB
CDS: on
MetaspaceReclaimPolicy: balanced
 - commit_granule_bytes: 65536.
 - commit_granule_words: 8192.
 - virtual_space_node_default_size: 8388608.
 - enlarge_chunks_in_place: 1.
 - new_chunks_are_fully_committed: 0.
 - uncommit_free_chunks: 1.
 - use_allocation_guard: 0.


Internal statistics:

num_allocs_failed_limit: 9.
num_arena_births: 1200.
num_arena_deaths: 0.
num_vsnodes_births: 2.
num_vsnodes_deaths: 0.
num_space_committed: 1039.
num_space_uncommitted: 0.
num_chunks_returned_to_freelist: 9.
num_chunks_taken_from_freelist: 3547.
num_chunk_merges: 3.
num_chunk_splits: 2472.
num_chunks_enlarged: 1900.
num_inconsistent_stats: 0.

CodeCache: size=49152Kb used=17408Kb max_used=17766Kb free=31743Kb
 bounds [0x0000022a0c600000, 0x0000022a0d7d0000, 0x0000022a0f600000]
 total_blobs=9930 nmethods=9236 adapters=619
 compilation: enabled
              stopped_count=0, restarted_count=0
 full_count=0

Compilation events (20 events):
Event: 1275.382 Thread 0x0000022a3d02b220 9377       1       org.bson.types.ObjectId::<init> (37 bytes)
Event: 1275.382 Thread 0x0000022a3f5621e0 9378       1       org.bson.assertions.Assertions::isTrueArgument (33 bytes)
Event: 1275.382 Thread 0x0000022a3f5621e0 nmethod 9378 0x0000022a0d650790 code [0x0000022a0d650980, 0x0000022a0d650d58]
Event: 1275.382 Thread 0x0000022a3f5621e0 9379       1       com.mongodb.internal.connection.DefaultServerMonitor::access$300 (5 bytes)
Event: 1275.382 Thread 0x0000022a3d02b220 nmethod 9377 0x0000022a0d64fa90 code [0x0000022a0d64fd00, 0x0000022a0d650308]
Event: 1275.382 Thread 0x0000022a3f5621e0 nmethod 9379 0x0000022a0d64f790 code [0x0000022a0d64f920, 0x0000022a0d64f9d8]
Event: 1275.382 Thread 0x0000022a3d02b220 9380       1       com.mongodb.event.ServerDescriptionChangedEvent::getNewDescription (5 bytes)
Event: 1275.382 Thread 0x0000022a3f5621e0 9381       1       com.mongodb.internal.connection.InternalStreamConnection::hasMoreToCome (5 bytes)
Event: 1275.382 Thread 0x0000022a3d02b220 nmethod 9380 0x0000022a0d64f490 code [0x0000022a0d64f620, 0x0000022a0d64f6f8]
Event: 1275.382 Thread 0x0000022a3f5621e0 nmethod 9381 0x0000022a0d64f190 code [0x0000022a0d64f320, 0x0000022a0d64f3f8]
Event: 1276.353 Thread 0x0000022a3f5621e0 9382       1       com.mongodb.connection.ServerDescription::isHelloOk (5 bytes)
Event: 1276.353 Thread 0x0000022a3d02b220 9383       1       com.mongodb.internal.connection.DefaultServerMonitor::access$1100 (5 bytes)
Event: 1276.353 Thread 0x0000022a3f5621e0 nmethod 9382 0x0000022a0d64ee90 code [0x0000022a0d64f020, 0x0000022a0d64f0f8]
Event: 1276.353 Thread 0x0000022a3d02b220 nmethod 9383 0x0000022a0d64eb90 code [0x0000022a0d64ed20, 0x0000022a0d64edd8]
Event: 1276.353 Thread 0x0000022a3f5621e0 9384       1       com.mongodb.internal.connection.DefaultServerMonitor::access$1200 (5 bytes)
Event: 1276.353 Thread 0x0000022a3f5621e0 nmethod 9384 0x0000022a0d64e890 code [0x0000022a0d64ea20, 0x0000022a0d64ead8]
Event: 1276.354 Thread 0x0000022a3f5621e0 9385   !   1       com.mongodb.internal.connection.ProtocolHelper::isCommandOk (21 bytes)
Event: 1276.354 Thread 0x0000022a3d02b220 9386       1       com.mongodb.internal.connection.ReplyHeader::hasMoreToCome (15 bytes)
Event: 1276.354 Thread 0x0000022a3d02b220 nmethod 9386 0x0000022a0d64e590 code [0x0000022a0d64e720, 0x0000022a0d64e7f8]
Event: 1276.354 Thread 0x0000022a3f5621e0 nmethod 9385 0x0000022a0d64dd90 code [0x0000022a0d64df80, 0x0000022a0d64e268]

GC Heap History (20 events):
Event: 4.828 GC heap before
{Heap before GC invocations=10 (full 0):
 garbage-first heap   total 114688K, used 38684K [0x0000000400800000, 0x0000000800000000)
  region size 8192K, 4 young (32768K), 1 survivors (8192K)
 Metaspace       used 35765K, committed 36160K, reserved 1114112K
  class space    used 4815K, committed 4992K, reserved 1048576K
}
Event: 4.841 GC heap after
{Heap after GC invocations=11 (full 0):
 garbage-first heap   total 581632K, used 23300K [0x0000000400800000, 0x0000000800000000)
  region size 8192K, 1 young (8192K), 1 survivors (8192K)
 Metaspace       used 35765K, committed 36160K, reserved 1114112K
  class space    used 4815K, committed 4992K, reserved 1048576K
}
Event: 5.483 GC heap before
{Heap before GC invocations=12 (full 0):
 garbage-first heap   total 139264K, used 97028K [0x0000000400800000, 0x0000000800000000)
  region size 8192K, 10 young (81920K), 1 survivors (8192K)
 Metaspace       used 41786K, committed 42240K, reserved 1114112K
  class space    used 5755K, committed 5952K, reserved 1048576K
}
Event: 5.489 GC heap after
{Heap after GC invocations=13 (full 0):
 garbage-first heap   total 139264K, used 26956K [0x0000000400800000, 0x0000000800000000)
  region size 8192K, 1 young (8192K), 1 survivors (8192K)
 Metaspace       used 41786K, committed 42240K, reserved 1114112K
  class space    used 5755K, committed 5952K, reserved 1048576K
}
Event: 5.533 GC heap before
{Heap before GC invocations=13 (full 0):
 garbage-first heap   total 139264K, used 35148K [0x0000000400800000, 0x0000000800000000)
  region size 8192K, 2 young (16384K), 1 survivors (8192K)
 Metaspace       used 42549K, committed 43072K, reserved 1114112K
  class space    used 5858K, committed 6144K, reserved 1048576K
}
Event: 5.541 GC heap after
{Heap after GC invocations=14 (full 0):
 garbage-first heap   total 139264K, used 27606K [0x0000000400800000, 0x0000000800000000)
  region size 8192K, 1 young (8192K), 1 survivors (8192K)
 Metaspace       used 42549K, committed 43072K, reserved 1114112K
  class space    used 5858K, committed 6144K, reserved 1048576K
}
Event: 6.404 GC heap before
{Heap before GC invocations=14 (full 0):
 garbage-first heap   total 139264K, used 93142K [0x0000000400800000, 0x0000000800000000)
  region size 8192K, 10 young (81920K), 1 survivors (8192K)
 Metaspace       used 48259K, committed 48832K, reserved 1114112K
  class space    used 6576K, committed 6848K, reserved 1048576K
}
Event: 6.409 GC heap after
{Heap after GC invocations=15 (full 0):
 garbage-first heap   total 139264K, used 30746K [0x0000000400800000, 0x0000000800000000)
  region size 8192K, 1 young (8192K), 1 survivors (8192K)
 Metaspace       used 48259K, committed 48832K, reserved 1114112K
  class space    used 6576K, committed 6848K, reserved 1048576K
}
Event: 7.327 GC heap before
{Heap before GC invocations=15 (full 0):
 garbage-first heap   total 139264K, used 104474K [0x0000000400800000, 0x0000000800000000)
  region size 8192K, 10 young (81920K), 1 survivors (8192K)
 Metaspace       used 50554K, committed 51072K, reserved 1114112K
  class space    used 6865K, committed 7104K, reserved 1048576K
}
Event: 7.332 GC heap after
{Heap after GC invocations=16 (full 0):
 garbage-first heap   total 139264K, used 33023K [0x0000000400800000, 0x0000000800000000)
  region size 8192K, 2 young (16384K), 2 survivors (16384K)
 Metaspace       used 50554K, committed 51072K, reserved 1114112K
  class space    used 6865K, committed 7104K, reserved 1048576K
}
Event: 8.395 GC heap before
{Heap before GC invocations=16 (full 0):
 garbage-first heap   total 139264K, used 98559K [0x0000000400800000, 0x0000000800000000)
  region size 8192K, 10 young (81920K), 2 survivors (16384K)
 Metaspace       used 53668K, committed 54272K, reserved 1114112K
  class space    used 7329K, committed 7616K, reserved 1048576K
}
Event: 8.403 GC heap after
{Heap after GC invocations=17 (full 0):
 garbage-first heap   total 139264K, used 36754K [0x0000000400800000, 0x0000000800000000)
  region size 8192K, 2 young (16384K), 2 survivors (16384K)
 Metaspace       used 53668K, committed 54272K, reserved 1114112K
  class space    used 7329K, committed 7616K, reserved 1048576K
}
Event: 9.416 GC heap before
{Heap before GC invocations=17 (full 0):
 garbage-first heap   total 139264K, used 94098K [0x0000000400800000, 0x0000000800000000)
  region size 8192K, 9 young (73728K), 2 survivors (16384K)
 Metaspace       used 56113K, committed 56704K, reserved 1114112K
  class space    used 7717K, committed 8000K, reserved 1048576K
}
Event: 9.426 GC heap after
{Heap after GC invocations=18 (full 0):
 garbage-first heap   total 139264K, used 40141K [0x0000000400800000, 0x0000000800000000)
  region size 8192K, 2 young (16384K), 2 survivors (16384K)
 Metaspace       used 56113K, committed 56704K, reserved 1114112K
  class space    used 7717K, committed 8000K, reserved 1048576K
}
Event: 9.773 GC heap before
{Heap before GC invocations=18 (full 0):
 garbage-first heap   total 139264K, used 72909K [0x0000000400800000, 0x0000000800000000)
  region size 8192K, 7 young (57344K), 2 survivors (16384K)
 Metaspace       used 59787K, committed 60416K, reserved 1114112K
  class space    used 8230K, committed 8512K, reserved 1048576K
}
Event: 9.780 GC heap after
{Heap after GC invocations=19 (full 0):
 garbage-first heap   total 139264K, used 43099K [0x0000000400800000, 0x0000000800000000)
  region size 8192K, 2 young (16384K), 2 survivors (16384K)
 Metaspace       used 59787K, committed 60416K, reserved 1114112K
  class space    used 8230K, committed 8512K, reserved 1048576K
}
Event: 138.608 GC heap before
{Heap before GC invocations=20 (full 0):
 garbage-first heap   total 139264K, used 100443K [0x0000000400800000, 0x0000000800000000)
  region size 8192K, 9 young (73728K), 2 survivors (16384K)
 Metaspace       used 63807K, committed 64576K, reserved 1114112K
  class space    used 8847K, committed 9216K, reserved 1048576K
}
Event: 138.615 GC heap after
{Heap after GC invocations=21 (full 0):
 garbage-first heap   total 139264K, used 44134K [0x0000000400800000, 0x0000000800000000)
  region size 8192K, 1 young (8192K), 1 survivors (8192K)
 Metaspace       used 63807K, committed 64576K, reserved 1114112K
  class space    used 8847K, committed 9216K, reserved 1048576K
}
Event: 138.683 GC heap before
{Heap before GC invocations=21 (full 0):
 garbage-first heap   total 139264K, used 52326K [0x0000000400800000, 0x0000000800000000)
  region size 8192K, 2 young (16384K), 1 survivors (8192K)
 Metaspace       used 64558K, committed 65344K, reserved 1114112K
  class space    used 8964K, committed 9344K, reserved 1048576K
}
Event: 138.690 GC heap after
{Heap after GC invocations=22 (full 0):
 garbage-first heap   total 139264K, used 43305K [0x0000000400800000, 0x0000000800000000)
  region size 8192K, 1 young (8192K), 1 survivors (8192K)
 Metaspace       used 64558K, committed 65344K, reserved 1114112K
  class space    used 8964K, committed 9344K, reserved 1048576K
}

Deoptimization events (20 events):
Event: 1270.244 Thread 0x0000022a3ea88cd0 DEOPT PACKING pc=0x0000022a0c823614 sp=0x00000056624fdc50
Event: 1270.244 Thread 0x0000022a3ea88cd0 DEOPT UNPACKING pc=0x0000022a0c652b43 sp=0x00000056624fd128 mode 1
Event: 1270.244 Thread 0x0000022a3ea88cd0 DEOPT PACKING pc=0x0000022a0c8265b4 sp=0x00000056624fdd20
Event: 1270.244 Thread 0x0000022a3ea88cd0 DEOPT UNPACKING pc=0x0000022a0c652b43 sp=0x00000056624fd260 mode 1
Event: 1270.244 Thread 0x0000022a3ea88cd0 DEOPT PACKING pc=0x0000022a0c82519c sp=0x00000056624fde40
Event: 1270.244 Thread 0x0000022a3ea88cd0 DEOPT UNPACKING pc=0x0000022a0c652b43 sp=0x00000056624fd388 mode 1
Event: 1270.244 Thread 0x0000022a3ea88cd0 DEOPT PACKING pc=0x0000022a0c825c04 sp=0x00000056624fdf60
Event: 1270.244 Thread 0x0000022a3ea88cd0 DEOPT UNPACKING pc=0x0000022a0c652b43 sp=0x00000056624fd408 mode 1
Event: 1270.244 Thread 0x0000022a3ea88cd0 DEOPT PACKING pc=0x0000022a0c825f8c sp=0x00000056624fdfc0
Event: 1270.244 Thread 0x0000022a3ea88cd0 DEOPT UNPACKING pc=0x0000022a0c652b43 sp=0x00000056624fd488 mode 1
Event: 1270.286 Thread 0x0000022a3ea81e20 DEOPT PACKING pc=0x0000022a0c823614 sp=0x00000056668fd6d0
Event: 1270.286 Thread 0x0000022a3ea81e20 DEOPT UNPACKING pc=0x0000022a0c652b43 sp=0x00000056668fcba8 mode 1
Event: 1270.286 Thread 0x0000022a3ea81e20 DEOPT PACKING pc=0x0000022a0c8265b4 sp=0x00000056668fd7a0
Event: 1270.286 Thread 0x0000022a3ea81e20 DEOPT UNPACKING pc=0x0000022a0c652b43 sp=0x00000056668fcce0 mode 1
Event: 1270.286 Thread 0x0000022a3ea81e20 DEOPT PACKING pc=0x0000022a0c82519c sp=0x00000056668fd8c0
Event: 1270.286 Thread 0x0000022a3ea81e20 DEOPT UNPACKING pc=0x0000022a0c652b43 sp=0x00000056668fce08 mode 1
Event: 1270.286 Thread 0x0000022a3ea81e20 DEOPT PACKING pc=0x0000022a0c825c04 sp=0x00000056668fd9e0
Event: 1270.286 Thread 0x0000022a3ea81e20 DEOPT UNPACKING pc=0x0000022a0c652b43 sp=0x00000056668fce88 mode 1
Event: 1270.286 Thread 0x0000022a3ea81e20 DEOPT PACKING pc=0x0000022a0c825f8c sp=0x00000056668fda40
Event: 1270.286 Thread 0x0000022a3ea81e20 DEOPT UNPACKING pc=0x0000022a0c652b43 sp=0x00000056668fcf08 mode 1

Classes loaded (20 events):
Event: 138.721 Loading class com/sun/crypto/provider/HmacCore done
Event: 138.721 Loading class com/sun/crypto/provider/HmacCore$HmacSHA256 done
Event: 138.814 Loading class sun/reflect/Reflection
Event: 138.814 Loading class sun/reflect/Reflection done
Event: 138.856 Loading class sun/nio/ch/IOVecWrapper
Event: 138.856 Loading class sun/nio/ch/IOVecWrapper done
Event: 138.856 Loading class sun/nio/ch/AllocatedNativeObject
Event: 138.856 Loading class sun/nio/ch/NativeObject
Event: 138.856 Loading class sun/nio/ch/NativeObject done
Event: 138.856 Loading class sun/nio/ch/AllocatedNativeObject done
Event: 138.856 Loading class sun/nio/ch/IOVecWrapper$Deallocator
Event: 138.856 Loading class sun/nio/ch/IOVecWrapper$Deallocator done
Event: 173.300 Loading class java/util/concurrent/ConcurrentSkipListMap$SubMap
Event: 173.300 Loading class java/util/concurrent/ConcurrentSkipListMap$SubMap done
Event: 173.300 Loading class java/util/concurrent/ConcurrentSkipListMap$Values
Event: 173.301 Loading class java/util/concurrent/ConcurrentSkipListMap$Values done
Event: 173.301 Loading class java/util/concurrent/ConcurrentSkipListMap$SubMap$SubMapValueIterator
Event: 173.301 Loading class java/util/concurrent/ConcurrentSkipListMap$SubMap$SubMapIter
Event: 173.301 Loading class java/util/concurrent/ConcurrentSkipListMap$SubMap$SubMapIter done
Event: 173.301 Loading class java/util/concurrent/ConcurrentSkipListMap$SubMap$SubMapValueIterator done

Classes unloaded (0 events):
No events

Classes redefined (4 events):
Event: 126.836 Thread 0x0000022a36347710 redefined class name=com.fincity.saas.core.service.StorageService, count=1
Event: 809.894 Thread 0x0000022a36347710 redefined class name=com.fincity.saas.core.service.connection.appdata.MongoAppDataService, count=1
Event: 867.052 Thread 0x0000022a36347710 redefined class name=com.fincity.saas.core.service.connection.appdata.MongoAppDataService, count=2
Event: 1003.174 Thread 0x0000022a36347710 redefined class name=com.fincity.saas.core.service.connection.appdata.AppDataService, count=1

Internal exceptions (20 events):
Event: 138.288 Thread 0x0000022a3f674210 Exception <a 'java/lang/NoSuchMethodError'{0x0000000406de6ac8}: 'java.lang.Object java.lang.invoke.DirectMethodHandle$Holder.invokeInterface(java.lang.Object, java.lang.Object, java.lang.Object, int)'> (0x0000000406de6ac8) 
thrown [t:\workspace\open\src\hotspot\share\interpreter\linkResolver.cpp, line 766]
Event: 138.342 Thread 0x0000022a3f674210 Exception <a 'java/lang/NoSuchMethodError'{0x00000004054e2ce0}: 'java.lang.Object java.lang.invoke.DirectMethodHandle$Holder.newInvokeSpecial(java.lang.Object, java.lang.Object, long, java.lang.Object)'> (0x00000004054e2ce0) 
thrown [t:\workspace\open\src\hotspot\share\interpreter\linkResolver.cpp, line 766]
Event: 138.342 Thread 0x0000022a3f674210 Exception <a 'java/lang/NoSuchMethodError'{0x00000004054e75e8}: 'java.lang.Object java.lang.invoke.DirectMethodHandle$Holder.invokeSpecial(java.lang.Object, java.lang.Object, java.lang.Object, long, java.lang.Object)'> (0x00000004054e75e8) 
thrown [t:\workspace\open\src\hotspot\share\interpreter\linkResolver.cpp, line 766]
Event: 138.342 Thread 0x0000022a3f674210 Exception <a 'java/lang/NoSuchMethodError'{0x00000004054ebc58}: 'java.lang.Object java.lang.invoke.Invokers$Holder.linkToTargetMethod(java.lang.Object, long, java.lang.Object, java.lang.Object)'> (0x00000004054ebc58) 
thrown [t:\workspace\open\src\hotspot\share\interpreter\linkResolver.cpp, line 766]
Event: 138.350 Thread 0x0000022a3f674210 Exception <a 'java/lang/NoSuchMethodError'{0x0000000405576830}: 'java.lang.Object java.lang.invoke.DirectMethodHandle$Holder.newInvokeSpecial(java.lang.Object, java.lang.Object, java.lang.Object, java.lang.Object, java.lang.Object, int, java.lang.Object)'> (0x0000000405576830) 
thrown [t:\workspace\open\src\hotspot\share\interpreter\linkResolver.cpp, line 766]
Event: 138.352 Thread 0x0000022a3f674210 Exception <a 'java/lang/NoSuchMethodError'{0x00000004055b1668}: 'java.lang.Object java.lang.invoke.DirectMethodHandle$Holder.invokeStatic(java.lang.Object, java.lang.Object, java.lang.Object, int, java.lang.Object, java.lang.Object)'> (0x00000004055b1668) 
thrown [t:\workspace\open\src\hotspot\share\interpreter\linkResolver.cpp, line 766]
Event: 138.358 Thread 0x0000022a3f674210 Exception <a 'java/lang/NoSuchMethodError'{0x000000040562d758}: 'java.lang.Object java.lang.invoke.DirectMethodHandle$Holder.newInvokeSpecial(java.lang.Object, java.lang.Object, java.lang.Object, java.lang.Object, int, java.lang.Object)'> (0x000000040562d758) 
thrown [t:\workspace\open\src\hotspot\share\interpreter\linkResolver.cpp, line 766]
Event: 138.359 Thread 0x0000022a3f674210 Exception <a 'java/lang/NoSuchMethodError'{0x0000000405631790}: 'java.lang.Object java.lang.invoke.DirectMethodHandle$Holder.invokeSpecial(java.lang.Object, java.lang.Object, java.lang.Object, java.lang.Object, java.lang.Object, int, java.lang.Object)'> (0x0000000405631790) 
thrown [t:\workspace\open\src\hotspot\share\interpreter\linkResolver.cpp, line 766]
Event: 138.359 Thread 0x0000022a3f674210 Exception <a 'java/lang/NoSuchMethodError'{0x00000004056350c0}: 'java.lang.Object java.lang.invoke.Invokers$Holder.linkToTargetMethod(java.lang.Object, java.lang.Object, java.lang.Object, int, java.lang.Object, java.lang.Object)'> (0x00000004056350c0) 
thrown [t:\workspace\open\src\hotspot\share\interpreter\linkResolver.cpp, line 766]
Event: 138.371 Thread 0x0000022a3f674210 Exception <a 'java/lang/IncompatibleClassChangeError'{0x00000004057236e8}: Found class java.lang.Object, but interface was expected> (0x00000004057236e8) 
thrown [t:\workspace\open\src\hotspot\share\interpreter\linkResolver.cpp, line 833]
Event: 138.595 Thread 0x0000022a3ea87990 Exception <a 'java/lang/NoSuchMethodError'{0x0000000404eb0a48}: 'java.lang.Object java.lang.invoke.DirectMethodHandle$Holder.newInvokeSpecial(java.lang.Object, java.lang.Object, java.lang.Object, java.lang.Object, java.lang.Object, java.lang.Object, java.lang.Object)'> (0x0000000404eb0a48) 
thrown [t:\workspace\open\src\hotspot\share\interpreter\linkResolver.cpp, line 766]
Event: 138.595 Thread 0x0000022a3ea87990 Exception <a 'java/lang/NoSuchMethodError'{0x0000000404eb5478}: 'java.lang.Object java.lang.invoke.Invokers$Holder.linkToTargetMethod(java.lang.Object, java.lang.Object, java.lang.Object, java.lang.Object, java.lang.Object, java.lang.Object, java.lang.Object)'> (0x0000000404eb5478) 
thrown [t:\workspace\open\src\hotspot\share\interpreter\linkResolver.cpp, line 766]
Event: 138.676 Thread 0x0000022a3f674210 Exception <a 'java/lang/NoSuchMethodError'{0x0000000440730958}: 'void java.lang.invoke.DirectMethodHandle$Holder.invokeSpecialIFC(java.lang.Object, java.lang.Object, java.lang.Object, java.lang.Object, java.lang.Object)'> (0x0000000440730958) 
thrown [t:\workspace\open\src\hotspot\share\interpreter\linkResolver.cpp, line 766]
Event: 138.785 Thread 0x0000022a3ea86180 Exception <a 'java/lang/NoSuchMethodError'{0x0000000440424e20}: 'void java.lang.invoke.DirectMethodHandle$Holder.invokeStatic(java.lang.Object, java.lang.Object, java.lang.Object, java.lang.Object, java.lang.Object, java.lang.Object, java.lang.Object)'> (0x0000000440424e20) 
thrown [t:\workspace\open\src\hotspot\share\interpreter\linkResolver.cpp, line 766]
Event: 138.810 Thread 0x0000022a3ea86180 Exception <a 'java/lang/NoSuchMethodError'{0x000000044064a058}: 'java.lang.Object java.lang.invoke.DirectMethodHandle$Holder.newInvokeSpecial(java.lang.Object, java.lang.Object, java.lang.Object, java.lang.Object, long)'> (0x000000044064a058) 
thrown [t:\workspace\open\src\hotspot\share\interpreter\linkResolver.cpp, line 766]
Event: 138.810 Thread 0x0000022a3ea86180 Exception <a 'java/lang/NoSuchMethodError'{0x000000044064ee48}: 'java.lang.Object java.lang.invoke.DirectMethodHandle$Holder.invokeSpecial(java.lang.Object, java.lang.Object, java.lang.Object, java.lang.Object, java.lang.Object, long)'> (0x000000044064ee48) 
thrown [t:\workspace\open\src\hotspot\share\interpreter\linkResolver.cpp, line 766]
Event: 138.811 Thread 0x0000022a3ea86180 Exception <a 'java/lang/NoSuchMethodError'{0x00000004406535d8}: 'java.lang.Object java.lang.invoke.Invokers$Holder.linkToTargetMethod(java.lang.Object, java.lang.Object, java.lang.Object, long, java.lang.Object)'> (0x00000004406535d8) 
thrown [t:\workspace\open\src\hotspot\share\interpreter\linkResolver.cpp, line 766]
Event: 138.814 Thread 0x0000022a3ea86180 Exception <a 'java/lang/NoClassDefFoundError'{0x00000004406b1c90}: sun/reflect/Reflection> (0x00000004406b1c90) 
thrown [t:\workspace\open\src\hotspot\share\classfile\systemDictionary.cpp, line 244]
Event: 138.837 Thread 0x0000022a3ea86180 Exception <a 'java/lang/NoSuchMethodError'{0x00000004079d8468}: 'void java.lang.invoke.DirectMethodHandle$Holder.invokeSpecialIFC(java.lang.Object, java.lang.Object, java.lang.Object, java.lang.Object)'> (0x00000004079d8468) 
thrown [t:\workspace\open\src\hotspot\share\interpreter\linkResolver.cpp, line 766]
Event: 1084.686 Thread 0x0000022a3ea83b00 Exception <a 'java/lang/NoSuchMethodError'{0x0000000406237b38}: 'java.lang.Object java.lang.invoke.DirectMethodHandle$Holder.invokeSpecialIFC(java.lang.Object, java.lang.Object)'> (0x0000000406237b38) 
thrown [t:\workspace\open\src\hotspot\share\interpreter\linkResolver.cpp, line 766]

VM Operations (20 events):
Event: 1242.515 Executing VM operation: get/set locals
Event: 1242.515 Executing VM operation: get/set locals done
Event: 1242.519 Executing VM operation: get/set locals
Event: 1242.519 Executing VM operation: get/set locals done
Event: 1242.519 Executing VM operation: get/set locals
Event: 1242.519 Executing VM operation: get/set locals done
Event: 1242.523 Executing VM operation: get/set locals
Event: 1242.523 Executing VM operation: get/set locals done
Event: 1242.524 Executing VM operation: get/set locals
Event: 1242.524 Executing VM operation: get/set locals done
Event: 1247.546 Executing VM operation: ChangeBreakpoints
Event: 1247.546 Executing VM operation: ChangeBreakpoints done
Event: 1255.619 Executing VM operation: Cleanup
Event: 1255.619 Executing VM operation: Cleanup done
Event: 1258.101 Executing VM operation: ChangeBreakpoints
Event: 1258.102 Executing VM operation: ChangeBreakpoints done
Event: 1271.223 Executing VM operation: Cleanup
Event: 1271.224 Executing VM operation: Cleanup done
Event: 1276.258 Executing VM operation: Cleanup
Event: 1276.258 Executing VM operation: Cleanup done

Events (20 events):
Event: 1006.540 Thread 0x0000022a3ea891a0 Thread added: 0x0000022a3ea891a0
Event: 1006.661 Thread 0x0000022a3ea82c90 Thread added: 0x0000022a3ea82c90
Event: 1006.662 Thread 0x0000022a3f55fe70 Thread added: 0x0000022a3f55fe70
Event: 1011.681 Thread 0x0000022a3f55fe70 Thread exited: 0x0000022a3f55fe70
Event: 1030.151 Thread 0x0000022a3f562c00 Thread added: 0x0000022a3f562c00
Event: 1030.152 Thread 0x0000022a3f563110 Thread added: 0x0000022a3f563110
Event: 1035.196 Thread 0x0000022a3f563110 Thread exited: 0x0000022a3f563110
Event: 1035.196 Thread 0x0000022a3f562c00 Thread exited: 0x0000022a3f562c00
Event: 1073.018 Thread 0x0000022a3ea86650 Thread added: 0x0000022a3ea86650
Event: 1144.499 Thread 0x0000022a3ea84e40 Thread exited: 0x0000022a3ea84e40
Event: 1166.261 Thread 0x0000022a3f5612b0 Thread added: 0x0000022a3f5612b0
Event: 1171.268 Thread 0x0000022a3f5612b0 Thread exited: 0x0000022a3f5612b0
Event: 1195.372 Thread 0x0000022a3f5612b0 Thread added: 0x0000022a3f5612b0
Event: 1195.372 Thread 0x0000022a3f563110 Thread added: 0x0000022a3f563110
Event: 1196.298 Thread 0x0000022a3f563110 Thread exited: 0x0000022a3f563110
Event: 1196.298 Thread 0x0000022a3f5612b0 Thread exited: 0x0000022a3f5612b0
Event: 1205.373 Thread 0x0000022a3f5617c0 Thread added: 0x0000022a3f5617c0
Event: 1215.203 Thread 0x0000022a3f5617c0 Thread exited: 0x0000022a3f5617c0
Event: 1232.732 Thread 0x0000022a3ea88800 Thread added: 0x0000022a3ea88800
Event: 1275.381 Thread 0x0000022a3f5621e0 Thread added: 0x0000022a3f5621e0


Dynamic libraries:
0x00007ff7cdcd0000 - 0x00007ff7cdcde000 	C:\Program Files\jdk-18\bin\javaw.exe
0x00007fffa0b10000 - 0x00007fffa0d08000 	C:\Windows\SYSTEM32\ntdll.dll
0x00007fff9f4d0000 - 0x00007fff9f58f000 	C:\Windows\System32\KERNEL32.DLL
0x00007fff9e810000 - 0x00007fff9eae2000 	C:\Windows\System32\KERNELBASE.dll
0x00007fff9e4c0000 - 0x00007fff9e5c0000 	C:\Windows\System32\ucrtbase.dll
0x00007fff99e70000 - 0x00007fff99e87000 	C:\Program Files\jdk-18\bin\jli.dll
0x00007fff99e50000 - 0x00007fff99e6a000 	C:\Program Files\jdk-18\bin\VCRUNTIME140.dll
0x00007fff9f1c0000 - 0x00007fff9f35d000 	C:\Windows\System32\USER32.dll
0x00007fff85fe0000 - 0x00007fff8627a000 	C:\Windows\WinSxS\amd64_microsoft.windows.common-controls_6595b64144ccf1df_6.0.19041.1110_none_60b5254171f9507e\COMCTL32.dll
0x00007fff9e490000 - 0x00007fff9e4b2000 	C:\Windows\System32\win32u.dll
0x00007fff9f360000 - 0x00007fff9f3fe000 	C:\Windows\System32\msvcrt.dll
0x00007fff9faa0000 - 0x00007fff9facb000 	C:\Windows\System32\GDI32.dll
0x00007fff9e2c0000 - 0x00007fff9e3cf000 	C:\Windows\System32\gdi32full.dll
0x00007fff9e610000 - 0x00007fff9e6ad000 	C:\Windows\System32\msvcp_win.dll
0x00007fffa0820000 - 0x00007fffa0852000 	C:\Windows\System32\IMM32.DLL
0x00007fff99e40000 - 0x00007fff99e4c000 	C:\Program Files\jdk-18\bin\vcruntime140_1.dll
0x00007fff96b60000 - 0x00007fff96bed000 	C:\Program Files\jdk-18\bin\msvcp140.dll
0x00007fff08380000 - 0x00007fff08f91000 	C:\Program Files\jdk-18\bin\server\jvm.dll
0x00007fffa0900000 - 0x00007fffa09ae000 	C:\Windows\System32\ADVAPI32.dll
0x00007fffa0860000 - 0x00007fffa08fc000 	C:\Windows\System32\sechost.dll
0x00007fff9ed60000 - 0x00007fff9ee85000 	C:\Windows\System32\RPCRT4.dll
0x00007fff9f020000 - 0x00007fff9f028000 	C:\Windows\System32\PSAPI.DLL
0x00007fff7a800000 - 0x00007fff7a809000 	C:\Windows\SYSTEM32\WSOCK32.dll
0x00007fff8de60000 - 0x00007fff8de87000 	C:\Windows\SYSTEM32\WINMM.dll
0x00007fff95c40000 - 0x00007fff95c4a000 	C:\Windows\SYSTEM32\VERSION.dll
0x00007fff9f460000 - 0x00007fff9f4cb000 	C:\Windows\System32\WS2_32.dll
0x00007fff9c0f0000 - 0x00007fff9c102000 	C:\Windows\SYSTEM32\kernel.appcore.dll
0x00007fff99e30000 - 0x00007fff99e3a000 	C:\Program Files\jdk-18\bin\jimage.dll
0x00007fff89820000 - 0x00007fff89a04000 	C:\Windows\SYSTEM32\DBGHELP.DLL
0x00007fff87820000 - 0x00007fff8784c000 	C:\Windows\SYSTEM32\dbgcore.DLL
0x00007fff9e3d0000 - 0x00007fff9e452000 	C:\Windows\System32\bcryptPrimitives.dll
0x00007fff96970000 - 0x00007fff969ab000 	C:\Program Files\jdk-18\bin\jdwp.dll
0x00007fff96960000 - 0x00007fff9696e000 	C:\Program Files\jdk-18\bin\instrument.dll
0x00007fff96b30000 - 0x00007fff96b55000 	C:\Program Files\jdk-18\bin\java.dll
0x00007fff96a50000 - 0x00007fff96b26000 	C:\Program Files\jdk-18\bin\jsvml.dll
0x00007fff9fae0000 - 0x00007fffa0223000 	C:\Windows\System32\SHELL32.dll
0x00007fff9c2f0000 - 0x00007fff9ca82000 	C:\Windows\SYSTEM32\windows.storage.dll
0x00007fffa0230000 - 0x00007fffa0584000 	C:\Windows\System32\combase.dll
0x00007fff9dc70000 - 0x00007fff9dca0000 	C:\Windows\SYSTEM32\Wldp.dll
0x00007fff9ecb0000 - 0x00007fff9ed5d000 	C:\Windows\System32\SHCORE.dll
0x00007fff9f400000 - 0x00007fff9f455000 	C:\Windows\System32\shlwapi.dll
0x00007fff9e150000 - 0x00007fff9e16f000 	C:\Windows\SYSTEM32\profapi.dll
0x00007fff96950000 - 0x00007fff9695c000 	C:\Program Files\jdk-18\bin\dt_socket.dll
0x00007fff9d670000 - 0x00007fff9d6ab000 	C:\Windows\SYSTEM32\IPHLPAPI.DLL
0x00007fff9d9d0000 - 0x00007fff9da3a000 	C:\Windows\system32\mswsock.dll
0x00007fff9d6c0000 - 0x00007fff9d78a000 	C:\Windows\SYSTEM32\DNSAPI.dll
0x00007fff9f590000 - 0x00007fff9f598000 	C:\Windows\System32\NSI.dll
0x00007fff8c3a0000 - 0x00007fff8c3aa000 	C:\Windows\System32\rasadhlp.dll
0x00007fff92710000 - 0x00007fff92790000 	C:\Windows\System32\fwpuclnt.dll
0x00007fff9e460000 - 0x00007fff9e487000 	C:\Windows\System32\bcrypt.dll
0x00007fff96a10000 - 0x00007fff96a28000 	C:\Program Files\jdk-18\bin\zip.dll
0x00007fff985a0000 - 0x00007fff985b3000 	C:\Program Files\jdk-18\bin\net.dll
0x00007fff8cd60000 - 0x00007fff8ce6c000 	C:\Windows\SYSTEM32\WINHTTP.dll
0x00007fff96a30000 - 0x00007fff96a46000 	C:\Program Files\jdk-18\bin\nio.dll
0x00007fff96a00000 - 0x00007fff96a09000 	C:\Program Files\jdk-18\bin\management.dll
0x00007fff969f0000 - 0x00007fff969fb000 	C:\Program Files\jdk-18\bin\management_ext.dll
0x00007fff86520000 - 0x00007fff86537000 	C:\Windows\system32\napinsp.dll
0x00007fff86290000 - 0x00007fff862ab000 	C:\Windows\system32\pnrpnsp.dll
0x00007fff98cf0000 - 0x00007fff98d05000 	C:\Windows\system32\wshbth.dll
0x00007fff99c20000 - 0x00007fff99c3d000 	C:\Windows\system32\NLAapi.dll
0x00007fff84940000 - 0x00007fff84952000 	C:\Windows\System32\winrnr.dll
0x00007fff9dbc0000 - 0x00007fff9dbd8000 	C:\Windows\SYSTEM32\CRYPTSP.dll
0x00007fff9d280000 - 0x00007fff9d2b4000 	C:\Windows\system32\rsaenh.dll
0x00007fff9e0d0000 - 0x00007fff9e0fe000 	C:\Windows\SYSTEM32\USERENV.dll
0x00007fff9dbe0000 - 0x00007fff9dbec000 	C:\Windows\SYSTEM32\CRYPTBASE.dll
0x00007fff95da0000 - 0x00007fff95db7000 	C:\Windows\SYSTEM32\dhcpcsvc6.DLL
0x00007fff960e0000 - 0x00007fff960fd000 	C:\Windows\SYSTEM32\dhcpcsvc.DLL
0x00007fff969e0000 - 0x00007fff969f0000 	C:\Program Files\jdk-18\bin\verify.dll
0x00007fff969c0000 - 0x00007fff969ce000 	C:\Program Files\jdk-18\bin\sunmscapi.dll
0x00007fff9e6b0000 - 0x00007fff9e806000 	C:\Windows\System32\CRYPT32.dll
0x00007fff9dce0000 - 0x00007fff9dd07000 	C:\Windows\SYSTEM32\ncrypt.dll
0x00007fff9dca0000 - 0x00007fff9dcdb000 	C:\Windows\SYSTEM32\NTASN1.dll

dbghelp: loaded successfully - version: 4.0.5 - missing functions: none
symbol engine: initialized successfully - sym options: 0x614 - pdb path: .;C:\Program Files\jdk-18\bin;C:\Windows\SYSTEM32;C:\Windows\WinSxS\amd64_microsoft.windows.common-controls_6595b64144ccf1df_6.0.19041.1110_none_60b5254171f9507e;C:\Program Files\jdk-18\bin\server

VM Arguments:
jvm_args: -XX:+ShowCodeDetailsInExceptionMessages -agentlib:jdwp=transport=dt_socket,suspend=y,address=localhost:55593 -Dcom.sun.management.jmxremote -Dcom.sun.management.jmxremote.port=55590 -Dcom.sun.management.jmxremote.authenticate=false -Dcom.sun.management.jmxremote.ssl=false -Djava.rmi.server.hostname=localhost -Dspring.jmx.enabled=true -Dspring.application.admin.enabled=true -XX:TieredStopAtLevel=1 -Dspring.boot.project.name=core -javaagent:C:\Users\kiran\.eclipse\org.eclipse.platform_4.25.0_1709980481_win32_win32_x86_64\configuration\org.eclipse.osgi\421\0\.cp\lib\javaagent-shaded.jar -Dfile.encoding=UTF-8 
java_command: com.fincity.saas.core.CoreApplication --debug --spring.output.ansi.enabled=always
java_class_path (initial): C:\fincity\nocode-saas\core\target\classes;C:\Users\kiran\.m2\repository\org\springframework\boot\spring-boot-starter-actuator\2.7.2\spring-boot-starter-actuator-2.7.2.jar;C:\Users\kiran\.m2\repository\org\springframework\boot\spring-boot-starter\2.7.2\spring-boot-starter-2.7.2.jar;C:\Users\kiran\.m2\repository\org\springframework\boot\spring-boot\2.7.2\spring-boot-2.7.2.jar;C:\Users\kiran\.m2\repository\org\springframework\boot\spring-boot-starter-logging\2.7.2\spring-boot-starter-logging-2.7.2.jar;C:\Users\kiran\.m2\repository\ch\qos\logback\logback-classic\1.2.11\logback-classic-1.2.11.jar;C:\Users\kiran\.m2\repository\ch\qos\logback\logback-core\1.2.11\logback-core-1.2.11.jar;C:\Users\kiran\.m2\repository\org\apache\logging\log4j\log4j-to-slf4j\2.17.2\log4j-to-slf4j-2.17.2.jar;C:\Users\kiran\.m2\repository\org\apache\logging\log4j\log4j-api\2.17.2\log4j-api-2.17.2.jar;C:\Users\kiran\.m2\repository\org\slf4j\jul-to-slf4j\1.7.36\jul-to-slf4j-1.7.36.jar;C:\Users\kiran\.m2\repository\jakarta\annotation\jakarta.annotation-api\1.3.5\jakarta.annotation-api-1.3.5.jar;C:\Users\kiran\.m2\repository\org\yaml\snakeyaml\1.30\snakeyaml-1.30.jar;C:\Users\kiran\.m2\repository\org\springframework\boot\spring-boot-actuator-autoconfigure\2.7.2\spring-boot-actuator-autoconfigure-2.7.2.jar;C:\Users\kiran\.m2\repository\org\springframework\boot\spring-boot-actuator\2.7.2\spring-boot-actuator-2.7.2.jar;C:\Users\kiran\.m2\repository\com\fasterxml\jackson\datatype\jackson-datatype-jsr310\2.13.3\jackson-datatype-jsr310-2.13.3.jar;C:\Users\kiran\.m2\repository\io\micrometer\micrometer-core\1.9.2\micrometer-core-1.9.2.jar;C:\Users\kiran\.m2\repository\org\hdrhistogram\HdrHistogram\2.1.12\HdrHistogram-2.1.12.jar;C:\Users\kiran\.m2\repository\org\latencyutils\LatencyUtils\2.0.3\LatencyUtils-2.0.3.jar;C:\Users\kiran\.m2\repository\org\springframework\boot\spring-boot-starter-data-jpa\2.7.2\spring-boot-starter-data-jpa-2.7.2.jar;C:\Users\kiran\.m2\repository\org\springframework\boot\spring-boot-starter-aop\2.7.2\spring-boot-starter-aop-2.7.2.jar;C:\Users\kiran\.m2\repository\org\aspectj\aspectjweaver\1.9.7\aspectjweaver-1.9.7.jar;C:\Users\kiran\.m2\repository\org\springframework\boot\spring-boot-starter-jdbc\2.7.2\spring-boot-starter-jdbc-2.7.2.jar;C:\Users\kiran\.m2\repository\com\zaxxer\HikariCP\4.0.3\HikariCP-4.0.3.jar;C:\Users\kiran\.m2\repository\org\springframework\spring-jdbc\5.3.22\spring-jdbc-5.3.22.jar;C:\Users\kiran\.m2\repository\jakarta\transaction\jakarta.transaction-api\1.3.3\jakarta.transaction-api-1.3.3.jar;C:\Users\kiran\.m2\repository\jakarta\persistence\jakarta.persistence-api\2.2.3\jakarta.persistence-api-2.2.3.jar;C:\Users\kiran\.m2\repository\org\hibernate\hibernate-core\5.6.10.Final\hibernate-core-5.6.10.Final.jar;C:\Users\kiran\.m2\repository\org\jboss\logging\jboss-logging\3.4.3.Final\jboss-logging-3.4.3.Final.jar;C:\Users\kiran\.m2\repository\net\bytebuddy\byte-buddy\1.12.12\byte-buddy-1.12.12.jar;C:\Users\kiran\.m2\repository\antlr\antlr\2.7.7\antlr-2.7.7.jar;C:\Users\kiran\.m2\repository\org\jboss\jandex\2.4.2.Final\jandex-2.4.2.Final.jar;C:\Users\kiran\.m2\repository\com\fasterxml\classmate\1.5.1\classmate-1.5.1.jar;C:\Users\kiran\.m2\repository\org\hibernate\common\hibernate-commons-annotations\5.1.2.Final\hibernate-commons-annotations-5.1.2.Final.jar;C:\Users\kiran\.m2\repository\org\glassfish\jaxb\jaxb-runtime\2.3.6\jaxb-runtime-2.3.6.jar;C:\Users\kiran\.m2\repository\org\glassfish\jaxb\txw2\2.3.6\txw2-2.3.6.jar;C:\Users\kiran\.m2\repository\com\sun\istack\istack-commons-runtime\3.0.12\istack-commons-runtime-3.0.12.jar;C:\Users\kiran\.m2\repository\com\sun\activation\jakarta.activation\1.2.2\jakarta.activation-1.2.2.jar;C:\Users\kiran\.m2\repository\org\springframework\data\spring-data-jpa\2.7.2\spring-data-jpa-2.7.2.jar;C:\Users\kiran\.m2\repository\org\springframework\spring-orm\5.3.22\spring-orm-5.3.22.jar;C:\Users\kiran\.m2\repository\org\springframework\spring-context\5.3.22\spring-context-5.3.22.jar;C:\Users\kiran\.m2\repository\org\springframework\spring-tx\5.3.22\spring-tx-5.3.22.jar;C:\Users\kiran\.m2\repository\org\springframework\spring-beans\5.3.22\spring-beans-5.3.22.jar;C:\Users\kiran\.m2\repository\org\slf4j\slf4j-api\1.7.36\slf4j-api-1.7.36.jar;C:\Users\kiran\.m2\repository\org\springframework\spring-aspects\5.3.22\spring-aspects-5.3.22.jar;C:\Users\kiran\.m2\repository\org\springframework\boot\spring-boot-starter-data-mongodb-reactive\2.7.2\spring-boot-starter-data-mongodb-reactive-2.7.2.jar;C:\Users\kiran\.m2\repository\io\projectreactor\reactor-core\3.4.21\reactor-core-3.4.21.jar;C:\Users\kiran\.m2\repository\org\reactivestreams\reactive-streams\1.0.4\reactive-streams-1.0.4.jar;C:\Users\kiran\.m2\repository\org\mongodb\mongodb-driver-reactivestreams\4.6.1\mongodb-driver-reactivestreams-4.6.1.jar;C:\Users\kiran\.m2\repository\org\mongodb\bson\4.6.1\bson-4.6.1.jar;C:\Users\kiran\.m2\repository\org\mongodb\mongodb-driver-core\4.6.1\mongodb-driver-core-4.6.1.jar;C:\Users\kiran\.m2\repository\org\mongodb\bson-record-codec\4.6.1\bson-record-codec-4.6.1.jar;C:\Users\kiran\.m2\repository\org\springframework\data\spring-data-mongodb\3.4.2\spring-data-mongodb-3.4.2.jar;C:\Users\kiran\.m2\repository\org\springframework\spring-expression\5.3.22\spring-expression-5.3.22.jar;C:\Users\kiran\.m2\repository\org\springframework\boot\spring-boot-starter-security\2.7.2\spring-boot-starter-security-2.7.2.jar;C:\Users\kiran\.m2\repository\org\springframework\spring-aop\5.3.22\spring-aop-5.3.22.jar;C:\Users\kiran\.m2\repository\org\springframework\security\spring-security-config\5.7.2\spring-security-config-5.7.2.jar;C:\Users\kiran\.m2\repository\org\springframework\security\spring-security-web\5.7.2\spring-security-web-5.7.2.jar;C:\Users\kiran\.m2\repository\org\springframework\spring-web\5.3.22\spring-web-5.3.22.jar;C:\Users\kiran\.m2\repository\de\codecentric\spring-boot-admin-starter-client\2.7.4\spring-boot-admin-starter-client-2.7.4.jar;C:\Users\kiran\.m2\repository\de\codecentric\spring-boot-admin-client\2.7.4\spring-boot-admin-client-2.7.4.jar;C:\Users\kiran\.m2\repository\org\springframework\cloud\spring-cloud-starter-config\3.1.4\spring-cloud-starter-config-3.1.4.jar;C:\Users\kiran\.m2\repository\org\springframework\cloud\spring-cloud-starter\3.1.4\spring-cloud-starter-3.1.4.jar;C:\Users\kiran\.m2\repository\org\springframework\security\spring-security-rsa\1.0.11.RELEASE\spring-security-rsa-1.0.11.RELEASE.jar;C:\Users\kiran\.m2\repository\org\bouncycastle\bcpkix-jdk15on\1.69\bcpkix-jdk15on-1.69.jar;C:\Users\kiran\.m2\repository\org\bouncycastle\bcprov-jdk15on\1.69\bcprov-jdk15on-1.69.jar;C:\Users\kiran\.m2\repository\org\bouncycastle\bcutil-jdk15on\1.69\bcutil-jdk15on-1.69.jar;C:\Users\kiran\.m2\repository\org\springframework\cloud\spring-cloud-config-client\3.1.4\spring-cloud-config-client-3.1.4.jar;C:\Users\kiran\.m2\repository\com\fasterxml\jackson\core\jackson-annotations\2.13.3\jackson-annotations-2.13.3.jar;C:\Users\kiran\.m2\repository\org\apache\httpcomponents\httpclient\4.5.13\httpclient-4.5.13.jar;C:\Users\kiran\.m2\repository\org\apache\httpcomponents\httpcore\4.4.15\httpcore-4.4.15.jar;C:\Users\kiran\.m2\repository\commons-codec\commons-codec\1.15\commons-codec-1.15.jar;C:\Users\kiran\.m2\repository\com\fasterxml\jackson\core\jackson-databind\2.13.3\jackson-databind-2.13.3.jar;C:\Users\kiran\.m2\repository\com\fasterxml\jackson\core\jackson-core\2.13.3\jackson-core-2.13.3.jar;C:\Users\kiran\.m2\repository\org\springframework\cloud\spring-cloud-starter-netflix-eureka-client\3.1.4\spring-cloud-starter-netflix-eureka-client-3.1.4.jar;C:\Users\kiran\.m2\repository\org\springframework\cloud\spring-cloud-netflix-eureka-client\3.1.4\spring-cloud-netflix-eureka-client-3.1.4.jar;C:\Users\kiran\.m2\repository\com\netflix\eureka\eureka-client\1.10.17\eureka-client-1.10.17.jar;C:\Users\kiran\.m2\repository\com\netflix\netflix-commons\netflix-eventbus\0.3.0\netflix-eventbus-0.3.0.jar;C:\Users\kiran\.m2\repository\com\netflix\netflix-commons\netflix-infix\0.3.0\netflix-infix-0.3.0.jar;C:\Users\kiran\.m2\repository\commons-jxpath\commons-jxpath\1.3\commons-jxpath-1.3.jar;C:\Users\kiran\.m2\repository\joda-time\joda-time\2.3\joda-time-2.3.jar;C:\Users\kiran\.m2\repository\org\antlr\antlr-runtime\3.4\antlr-runtime-3.4.jar;C:\Users\kiran\.m2\repository\org\antlr\stringtemplate\3.2.1\stringtemplate-3.2.1.jar;C:\Users\kiran\.m2\repository\org\apache\commons\commons-math\2.2\commons-math-2.2.jar;C:\Users\kiran\.m2\repository\com\thoughtworks\xstream\xstream\1.4.18\xstream-1.4.18.jar;C:\Users\kiran\.m2\repository\io\github\x-stream\mxparser\1.2.2\mxparser-1.2.2.jar;C:\Users\kiran\.m2\repository\xmlpull\xmlpull\1.1.3.1\xmlpull-1.1.3.1.jar;C:\Users\kiran\.m2\repository\javax\ws\rs\jsr311-api\1.1.1\jsr311-api-1.1.1.jar;C:\Users\kiran\.m2\repository\com\netflix\servo\servo-core\0.12.21\servo-core-0.12.21.jar;C:\Users\kiran\.m2\repository\com\google\guava\guava\19.0\guava-19.0.jar;C:\Users\kiran\.m2\repository\commons-configuration\commons-configuration\1.10\commons-configuration-1.10.jar;C:\Users\kiran\.m2\repository\commons-lang\commons-lang\2.6\commons-lang-2.6.jar;C:\Users\kiran\.m2\repository\com\google\inject\guice\4.1.0\guice-4.1.0.jar;C:\Users\kiran\.m2\repository\javax\inject\javax.inject\1\javax.inject-1.jar;C:\Users\kiran\.m2\repository\org\codehaus\jettison\jettison\1.4.0\jettison-1.4.0.jar;C:\Users\kiran\.m2\repository\com\netflix\eureka\eureka-core\1.10.17\eureka-core-1.10.17.jar;C:\Users\kiran\.m2\repository\com\fasterxml\woodstox\woodstox-core\6.2.1\woodstox-core-6.2.1.jar;C:\Users\kiran\.m2\repository\org\codehaus\woodstox\stax2-api\4.2.1\stax2-api-4.2.1.jar;C:\Users\kiran\.m2\repository\org\springframework\cloud\spring-cloud-starter-loadbalancer\3.1.4\spring-cloud-starter-loadbalancer-3.1.4.jar;C:\Users\kiran\.m2\repository\org\springframework\cloud\spring-cloud-loadbalancer\3.1.4\spring-cloud-loadbalancer-3.1.4.jar;C:\Users\kiran\.m2\repository\io\projectreactor\addons\reactor-extra\3.4.8\reactor-extra-3.4.8.jar;C:\Users\kiran\.m2\repository\org\springframework\boot\spring-boot-starter-cache\2.7.2\spring-boot-starter-cache-2.7.2.jar;C:\Users\kiran\.m2\repository\org\springframework\spring-context-support\5.3.22\spring-context-support-5.3.22.jar;C:\Users\kiran\.m2\repository\com\stoyanr\evictor\1.0.0\evictor-1.0.0.jar;C:\Users\kiran\.m2\repository\com\playtika\reactivefeign\feign-reactor-cloud\3.2.6\feign-reactor-cloud-3.2.6.jar;C:\Users\kiran\.m2\repository\com\playtika\reactivefeign\feign-reactor-webclient\3.2.6\feign-reactor-webclient-3.2.6.jar;C:\Users\kiran\.m2\repository\com\playtika\reactivefeign\feign-reactor-webclient-core\3.2.6\feign-reactor-webclient-core-3.2.6.jar;C:\Users\kiran\.m2\repository\org\springframework\spring-webflux\5.3.22\spring-webflux-5.3.22.jar;C:\Users\kiran\.m2\repository\io\projectreactor\netty\reactor-netty-http\1.0.21\reactor-netty-http-1.0.21.jar;C:\Users\kiran\.m2\repository\io\netty\netty-codec-http\4.1.79.Final\netty-codec-http-4.1.79.Final.jar;C:\Users\kiran\.m2\repository\io\netty\netty-codec-http2\4.1.79.Final\netty-codec-http2-4.1.79.Final.jar;C:\Users\kiran\.m2\repository\io\netty\netty-resolver-dns\4.1.79.Final\netty-resolver-dns-4.1.79.Final.jar;C:\Users\kiran\.m2\repository\io\netty\netty-codec-dns\4.1.79.Final\netty-codec-dns-4.1.79.Final.jar;C:\Users\kiran\.m2\repository\io\netty\netty-resolver-dns-native-macos\4.1.79.Final\netty-resolver-dns-native-macos-4.1.79.Final-osx-x86_64.jar;C:\Users\kiran\.m2\repository\io\netty\netty-resolver-dns-classes-macos\4.1.79.Final\netty-resolver-dns-classes-macos-4.1.79.Final.jar;C:\Users\kiran\.m2\repository\io\netty\netty-transport-native-epoll\4.1.79.Final\netty-transport-native-epoll-4.1.79.Final-linux-x86_64.jar;C:\Users\kiran\.m2\repository\io\netty\netty-transport-classes-epoll\4.1.79.Final\netty-transport-classes-epoll-4.1.79.Final.jar;C:\Users\kiran\.m2\repository\io\projectreactor\netty\reactor-netty-core\1.0.21\reactor-netty-core-1.0.21.jar;C:\Users\kiran\.m2\repository\io\netty\netty-handler-proxy\4.1.79.Final\netty-handler-proxy-4.1.79.Final.jar;C:\Users\kiran\.m2\repository\io\netty\netty-codec-socks\4.1.79.Final\netty-codec-socks-4.1.79.Final.jar;C:\Users\kiran\.m2\repository\com\playtika\reactivefeign\feign-reactor-spring-configuration\3.2.6\feign-reactor-spring-configuration-3.2.6.jar;C:\Users\kiran\.m2\repository\com\playtika\reactivefeign\feign-reactor-core\3.2.6\feign-reactor-core-3.2.6.jar;C:\Users\kiran\.m2\repository\io\github\openfeign\feign-core\11.8\feign-core-11.8.jar;C:\Users\kiran\.m2\repository\org\springframework\boot\spring-boot-autoconfigure\2.7.2\spring-boot-autoconfigure-2.7.2.jar;C:\Users\kiran\.m2\repository\org\springframework\cloud\spring-cloud-commons\3.1.4\spring-cloud-commons-3.1.4.jar;C:\Users\kiran\.m2\repository\org\springframework\security\spring-security-crypto\5.7.2\spring-security-crypto-5.7.2.jar;C:\Users\kiran\.m2\repository\org\springframework\cloud\spring-cloud-context\3.1.4\spring-cloud-context-3.1.4.jar;C:\Users\kiran\.m2\repository\org\springframework\cloud\spring-cloud-openfeign-core\3.1.4\spring-cloud-openfeign-core-3.1.4.jar;C:\Users\kiran\.m2\repository\io\github\openfeign\form\feign-form-spring\3.8.0\feign-form-spring-3.8.0.jar;C:\Users\kiran\.m2\repository\io\github\openfeign\form\feign-form\3.8.0\feign-form-3.8.0.jar;C:\Users\kiran\.m2\repository\commons-fileupload\commons-fileupload\1.4\commons-fileupload-1.4.jar;C:\fincity\nocode-saas\commons\target\classes;C:\Users\kiran\.m2\repository\org\springframework\boot\spring-boot-starter-webflux\2.7.2\spring-boot-starter-webflux-2.7.2.jar;C:\Users\kiran\.m2\repository\org\springframework\boot\spring-boot-starter-json\2.7.2\spring-boot-starter-json-2.7.2.jar;C:\Users\kiran\.m2\repository\com\fasterxml\jackson\datatype\jackson-datatype-jdk8\2.13.3\jackson-datatype-jdk8-2.13.3.jar;C:\Users\kiran\.m2\repository\com\fasterxml\jackson\module\jackson-module-parameter-names\2.13.3\jackson-module-parameter-names-2.13.3.jar;C:\Users\kiran\.m2\repository\org\springframework\boot\spring-boot-starter-reactor-netty\2.7.2\spring-boot-starter-reactor-netty-2.7.2.jar;C:\Users\kiran\.m2\repository\org\springframework\data\spring-data-commons\2.7.2\spring-data-commons-2.7.2.jar;C:\Users\kiran\.m2\repository\org\springframework\cloud\spring-cloud-starter-openfeign\3.1.4\spring-cloud-starter-openfeign-3.1.4.jar;C:\Users\kiran\.m2\repository\io\github\openfeign\feign-slf4j\11.8\feign-slf4j-11.8.jar;C:\Users\kiran\.m2\repository\io\lettuce\lettuce-core\6.1.9.RELEASE\lettuce-core-6.1.9.RELEASE.jar;C:\Users\kiran\.m2\repository\io\netty\netty-common\4.1.79.Final\netty-common-4.1.79.Final.jar;C:\Users\kiran\.m2\repository\io\netty\netty-handler\4.1.79.Final\netty-handler-4.1.79.Final.jar;C:\Users\kiran\.m2\repository\io\netty\netty-resolver\4.1.79.Final\netty-resolver-4.1.79.Final.jar;C:\Users\kiran\.m2\repository\io\netty\netty-buffer\4.1.79.Final\netty-buffer-4.1.79.Final.jar;C:\Users\kiran\.m2\repository\io\netty\netty-transport-native-unix-common\4.1.79.Final\netty-transport-native-unix-common-4.1.79.Final.jar;C:\Users\kiran\.m2\repository\io\netty\netty-codec\4.1.79.Final\netty-codec-4.1.79.Final.jar;C:\Users\kiran\.m2\repository\io\netty\netty-transport\4.1.79.Final\netty-transport-4.1.79.Final.jar;C:\fincity\nocode-kirun\kirun-java\target\classes;C:\Users\kiran\.m2\repository\com\google\code\gson\gson\2.9.0\gson-2.9.0.jar;C:\Users\kiran\.m2\repository\org\reflections\reflections\0.10.2\reflections-0.10.2.jar;C:\Users\kiran\.m2\repository\org\javassist\javassist\3.28.0-GA\javassist-3.28.0-GA.jar;C:\Users\kiran\.m2\repository\com\google\code\findbugs\jsr305\3.0.2\jsr305-3.0.2.jar;C:\fincity\nocode-saas\commons-security\target\classes;C:\Users\kiran\.m2\repository\io\jsonwebtoken\jjwt-api\0.11.5\jjwt-api-0.11.5.jar;C:\Users\kiran\.m2\repository\io\jsonwebtoken\jjwt-impl\0.11.5\jjwt-impl-0.11.5.jar;C:\Users\kiran\.m2\repository\io\jsonwebtoken\jjwt-jackson\0.11.5\jjwt-jackson-0.11.5.jar;C:\fincity\reactor-flatmap-util\target\classes;C:\fincity\nocode-saas\commons-mongo\target\classes;C:\Users\kiran\.m2\repository\org\projectlombok\lombok\1.18.24\lombok-1.18.24.jar;C:\Users\kiran\.m2\repository\jakarta\xml\bind\jakarta.xml.bind-api\2.3.3\jakarta.xml.bind-api-2.3.3.jar;C:\Users\kiran\.m2\repository\jakarta\activation\jakarta.activation-api\1.2.2\jakarta.activation-api-1.2.2.jar;C:\Users\kiran\.m2\repository\org\springframework\spring-core\5.3.22\spring-core-5.3.22.jar;C:\Users\kiran\.m2\repository\org\springframework\spring-jcl\5.3.22\spring-jcl-5.3.22.jar;C:\Users\kiran\.m2\repository\org\springframework\security\spring-security-core\5.7.2\spring-security-core-5.7.2.jar
Launcher Type: SUN_STANDARD

[Global flags]
     intx CICompilerCount                          = 4                                         {product} {ergonomic}
     uint ConcGCThreads                            = 3                                         {product} {ergonomic}
     uint G1ConcRefinementThreads                  = 10                                        {product} {ergonomic}
   size_t G1HeapRegionSize                         = 8388608                                   {product} {ergonomic}
    uintx GCDrainStackTargetSize                   = 64                                        {product} {ergonomic}
   size_t InitialHeapSize                          = 1073741824                                {product} {ergonomic}
     bool ManagementServer                         = true                                      {product} {command line}
   size_t MarkStackSize                            = 4194304                                   {product} {ergonomic}
   size_t MaxHeapSize                              = 17171480576                               {product} {ergonomic}
   size_t MaxNewSize                               = 10301210624                               {product} {ergonomic}
   size_t MinHeapDeltaBytes                        = 8388608                                   {product} {ergonomic}
   size_t MinHeapSize                              = 8388608                                   {product} {ergonomic}
    uintx NonProfiledCodeHeapSize                  = 0                                      {pd product} {ergonomic}
     bool ProfileInterpreter                       = false                                  {pd product} {command line}
    uintx ProfiledCodeHeapSize                     = 0                                      {pd product} {ergonomic}
     bool ShowCodeDetailsInExceptionMessages       = true                                   {manageable} {command line}
   size_t SoftMaxHeapSize                          = 17171480576                            {manageable} {ergonomic}
     intx TieredStopAtLevel                        = 1                                         {product} {command line}
     bool UseCompressedClassPointers               = true                           {product lp64_product} {ergonomic}
     bool UseCompressedOops                        = true                           {product lp64_product} {ergonomic}
     bool UseG1GC                                  = true                                      {product} {ergonomic}
     bool UseLargePagesIndividualAllocation        = false                                  {pd product} {ergonomic}

Logging:
Log output configuration:
 #0: stdout all=warning uptime,level,tags foldmultilines=false
 #1: stderr all=off uptime,level,tags foldmultilines=false

Environment Variables:
JAVA_HOME=C:\Program Files\jdk-18
PATH=C:/Program Files/eclipse//plugins/org.eclipse.justj.openjdk.hotspot.jre.full.win32.x86_64_17.0.4.v20220903-1038/jre/bin/server;C:/Program Files/eclipse//plugins/org.eclipse.justj.openjdk.hotspot.jre.full.win32.x86_64_17.0.4.v20220903-1038/jre/bin;C:\Windows\system32;C:\Windows;C:\Windows\System32\Wbem;C:\Windows\System32\WindowsPowerShell\v1.0\;C:\Windows\System32\OpenSSH\;C:\Program Files\jdk-18\bin;C:\Program Files\nodejs\;C:\Program Files\Git\cmd;C:\Program Files\MySQL\MySQL Shell 8.0\bin\;C:\Users\kiran\AppData\Local\Microsoft\WindowsApps;C:\Users\kiran\AppData\Local\Programs\Microsoft VS Code\bin;C:\Program Files\jdk-18\bin;C:\Users\kiran\AppData\Roaming\npm;C:\Program Files\eclipse;
USERNAME=kiran
OS=Windows_NT
PROCESSOR_IDENTIFIER=Intel64 Family 6 Model 45 Stepping 7, GenuineIntel



---------------  S Y S T E M  ---------------

OS:
 Windows 10 , 64 bit Build 19041 (10.0.19041.2251)
OS uptime: 0 days 14:22 hours
Hyper-V role detected

CPU: total 12 (initial active 12) (6 cores per cpu, 2 threads per core) family 6 model 45 stepping 7 microcode 0x714, cx8, cmov, fxsr, ht, mmx, sse, sse2, sse3, ssse3, sse4.1, sse4.2, popcnt, tsc, tscinvbit, avx, aes, clmul, vzeroupper, clflush, hv

Memory: 4k page, system-wide physical 65476M (47539M free)
TotalPageFile size 75204M (AvailPageFile size 54368M)
current process WorkingSet (physical memory assigned to process): 341M, peak: 341M
current process commit charge ("private bytes"): 389M, peak: 1189M

vm_info: OpenJDK 64-Bit Server VM (18+36-2087) for windows-amd64 JRE (18+36-2087), built on Feb 15 2022 09:37:35 by "mach5one" with MS VC++ 16.8 / 16.9 (VS2019)

END.
